#-----------------------------------------------------------
# Vivado v2017.2 (64-bit)
# SW Build 1909853 on Thu Jun 15 18:39:09 MDT 2017
# IP Build 1909766 on Thu Jun 15 19:58:00 MDT 2017
# Start of session at: Wed Nov 29 14:02:22 2017
# Process ID: 15912
# Current directory: D:/XLINIX Projects/GP/CSE320-Project-Files/teamproject
# Command line: vivado.exe -gui_launcher_event rodinguilauncherevent16928 D:\XLINIX Projects\GP\CSE320-Project-Files\teamproject\teamproject.xpr
# Log file: D:/XLINIX Projects/GP/CSE320-Project-Files/teamproject/vivado.log
# Journal file: D:/XLINIX Projects/GP/CSE320-Project-Files/teamproject\vivado.jou
#-----------------------------------------------------------
start_gui
open_project {D:/XLINIX Projects/GP/CSE320-Project-Files/teamproject/teamproject.xpr}
Scanning sources...
Finished scanning sources
INFO: [IP_Flow 19-234] Refreshing IP repositories
INFO: [IP_Flow 19-1704] No user IP repositories specified
INFO: [IP_Flow 19-2313] Loaded Vivado IP repository 'C:/Xilinx/Vivado/2017.2/data/ip'.
WARNING: [IP_Flow 19-3664] IP 'blk_mem_gen_0' generated file not found 'd:/XLINIX Projects/GP/CSE320-Project-Files/teamproject/teamproject.srcs/sources_1/ip/blk_mem_gen_0/blk_mem_gen_0.dcp'. Please regenerate to continue.
WARNING: [IP_Flow 19-3664] IP 'blk_mem_gen_0' generated file not found 'd:/XLINIX Projects/GP/CSE320-Project-Files/teamproject/teamproject.srcs/sources_1/ip/blk_mem_gen_0/blk_mem_gen_0_stub.v'. Please regenerate to continue.
WARNING: [IP_Flow 19-3664] IP 'blk_mem_gen_0' generated file not found 'd:/XLINIX Projects/GP/CSE320-Project-Files/teamproject/teamproject.srcs/sources_1/ip/blk_mem_gen_0/blk_mem_gen_0_stub.vhdl'. Please regenerate to continue.
WARNING: [IP_Flow 19-3664] IP 'blk_mem_gen_0' generated file not found 'd:/XLINIX Projects/GP/CSE320-Project-Files/teamproject/teamproject.srcs/sources_1/ip/blk_mem_gen_0/blk_mem_gen_0_sim_netlist.v'. Please regenerate to continue.
WARNING: [IP_Flow 19-3664] IP 'blk_mem_gen_0' generated file not found 'd:/XLINIX Projects/GP/CSE320-Project-Files/teamproject/teamproject.srcs/sources_1/ip/blk_mem_gen_0/blk_mem_gen_0_sim_netlist.vhdl'. Please regenerate to continue.
update_compile_order -fileset sources_1
launch_simulation
INFO: [Vivado 12-4795] Using compiled simulation libraries for IPs
INFO: [SIM-utils-51] Simulation object is 'sim_1'
INFO: [USF-XSim-7] Finding pre-compiled libraries...
INFO: [USF-XSim-11] File 'C:/Xilinx/Vivado/2017.2/data/xsim/ip/xsim_ip.ini' copied to run dir:'D:/XLINIX Projects/GP/CSE320-Project-Files/teamproject/teamproject.sim/sim_1/behav'
INFO: [SIM-utils-54] Inspecting design source files for 'timer_tb' in fileset 'sim_1'...
INFO: [USF-XSim-97] Finding global include files...
INFO: [USF-XSim-98] Fetching design files from 'sim_1'...
INFO: [USF-XSim-2] XSim::Compile design
INFO: [USF-XSim-61] Executing 'COMPILE and ANALYZE' step in 'D:/XLINIX Projects/GP/CSE320-Project-Files/teamproject/teamproject.sim/sim_1/behav'
"xvlog -m64 --relax -L xil_defaultlib -prj timer_tb_vlog.prj"
INFO: [VRFC 10-2263] Analyzing SystemVerilog file "D:/XLINIX Projects/GP/CSE320-Project-Files/source files/scaledclock.sv" into library xil_defaultlib
INFO: [VRFC 10-311] analyzing module scaledclock
WARNING: [VRFC 10-1315] redeclaration of ansi port counter is not allowed [D:/XLINIX Projects/GP/CSE320-Project-Files/source files/scaledclock.sv:30]
INFO: [VRFC 10-2263] Analyzing SystemVerilog file "D:/XLINIX Projects/GP/CSE320-Project-Files/source files/timer_tb.sv" into library xil_defaultlib
INFO: [VRFC 10-311] analyzing module timer_tb
INFO: [VRFC 10-2263] Analyzing Verilog file "D:/XLINIX Projects/GP/CSE320-Project-Files/teamproject/teamproject.sim/sim_1/behav/glbl.v" into library xil_defaultlib
INFO: [VRFC 10-311] analyzing module glbl
INFO: [USF-XSim-69] 'compile' step finished in '1' seconds
INFO: [USF-XSim-3] XSim::Elaborate design
INFO: [USF-XSim-61] Executing 'ELABORATE' step in 'D:/XLINIX Projects/GP/CSE320-Project-Files/teamproject/teamproject.sim/sim_1/behav'
Vivado Simulator 2017.2
Copyright 1986-1999, 2001-2016 Xilinx, Inc. All Rights Reserved.
Running: C:/Xilinx/Vivado/2017.2/bin/unwrapped/win64.o/xelab.exe -wto 5f86e1724f6e4426ada18119972713cb --debug typical --relax --mt 2 -L xil_defaultlib -L unisims_ver -L unimacro_ver -L secureip -L xpm --snapshot timer_tb_behav xil_defaultlib.timer_tb xil_defaultlib.glbl -log elaborate.log 
Using 2 slave threads.
Starting static elaboration
Completed static elaboration
Starting simulation data flow analysis
Completed simulation data flow analysis
Time Resolution for simulation is 1ps
Compiling module xil_defaultlib.scaledclock
Compiling module xil_defaultlib.timer_tb
Compiling module xil_defaultlib.glbl
Built simulation snapshot timer_tb_behav

****** Webtalk v2017.2 (64-bit)
  **** SW Build 1909853 on Thu Jun 15 18:39:09 MDT 2017
  **** IP Build 1909766 on Thu Jun 15 19:58:00 MDT 2017
    ** Copyright 1986-2017 Xilinx, Inc. All Rights Reserved.

source D:/XLINIX -notrace
invalid command name "%"
    while executing
"% Total    % Received % Xferd  Average Speed   Time    Time     Time  Current"
    (file "D:/XLINIX" line 1)
INFO: [Common 17-206] Exiting Webtalk at Wed Nov 29 17:07:53 2017...
run_program: Time (s): cpu = 00:00:01 ; elapsed = 00:00:23 . Memory (MB): peak = 900.172 ; gain = 0.000
INFO: [USF-XSim-69] 'elaborate' step finished in '22' seconds
INFO: [USF-XSim-4] XSim::Simulate design
INFO: [USF-XSim-61] Executing 'SIMULATE' step in 'D:/XLINIX Projects/GP/CSE320-Project-Files/teamproject/teamproject.sim/sim_1/behav'
INFO: [USF-XSim-98] *** Running xsim
   with args "timer_tb_behav -key {Behavioral:sim_1:Functional:timer_tb} -tclbatch {timer_tb.tcl} -log {simulate.log}"
INFO: [USF-XSim-8] Loading simulator feature
Vivado Simulator 2017.2
Time resolution is 1 ps
source timer_tb.tcl
# set curr_wave [current_wave_config]
# if { [string length $curr_wave] == 0 } {
#   if { [llength [get_objects]] > 0} {
#     add_wave /
#     set_property needs_save false [current_wave_config]
#   } else {
#      send_msg_id Add_Wave-1 WARNING "No top level signals found. Simulator will start without a wave window. If you want to open a wave window go to 'File->New Waveform Configuration' or type 'create_wave_config' in the TCL console."
#   }
# }
# run 5s
run: Time (s): cpu = 00:00:43 ; elapsed = 00:00:39 . Memory (MB): peak = 900.172 ; gain = 0.000
xsim: Time (s): cpu = 00:00:46 ; elapsed = 00:00:41 . Memory (MB): peak = 900.172 ; gain = 0.000
INFO: [USF-XSim-96] XSim completed. Design snapshot 'timer_tb_behav' loaded.
INFO: [USF-XSim-97] XSim simulation ran for 5s
launch_simulation: Time (s): cpu = 00:00:49 ; elapsed = 00:01:06 . Memory (MB): peak = 900.172 ; gain = 0.000
close_sim
INFO: [Simtcl 6-16] Simulation closed
close_sim: Time (s): cpu = 00:00:00 ; elapsed = 00:00:22 . Memory (MB): peak = 900.172 ; gain = 0.000
launch_simulation
INFO: [Vivado 12-4795] Using compiled simulation libraries for IPs
INFO: [SIM-utils-51] Simulation object is 'sim_1'
INFO: [USF-XSim-7] Finding pre-compiled libraries...
INFO: [USF-XSim-11] File 'C:/Xilinx/Vivado/2017.2/data/xsim/ip/xsim_ip.ini' copied to run dir:'D:/XLINIX Projects/GP/CSE320-Project-Files/teamproject/teamproject.sim/sim_1/behav'
INFO: [SIM-utils-54] Inspecting design source files for 'timer_tb' in fileset 'sim_1'...
INFO: [USF-XSim-97] Finding global include files...
INFO: [USF-XSim-98] Fetching design files from 'sim_1'...
INFO: [USF-XSim-2] XSim::Compile design
INFO: [USF-XSim-61] Executing 'COMPILE and ANALYZE' step in 'D:/XLINIX Projects/GP/CSE320-Project-Files/teamproject/teamproject.sim/sim_1/behav'
"xvlog -m64 --relax -L xil_defaultlib -prj timer_tb_vlog.prj"
INFO: [VRFC 10-2263] Analyzing SystemVerilog file "D:/XLINIX Projects/GP/CSE320-Project-Files/source files/scaledclock.sv" into library xil_defaultlib
INFO: [VRFC 10-311] analyzing module scaledclock
INFO: [VRFC 10-2263] Analyzing SystemVerilog file "D:/XLINIX Projects/GP/CSE320-Project-Files/source files/timer_tb.sv" into library xil_defaultlib
INFO: [VRFC 10-311] analyzing module timer_tb
INFO: [VRFC 10-2263] Analyzing Verilog file "D:/XLINIX Projects/GP/CSE320-Project-Files/teamproject/teamproject.sim/sim_1/behav/glbl.v" into library xil_defaultlib
INFO: [VRFC 10-311] analyzing module glbl
INFO: [USF-XSim-69] 'compile' step finished in '1' seconds
INFO: [USF-XSim-3] XSim::Elaborate design
INFO: [USF-XSim-61] Executing 'ELABORATE' step in 'D:/XLINIX Projects/GP/CSE320-Project-Files/teamproject/teamproject.sim/sim_1/behav'
Vivado Simulator 2017.2
Copyright 1986-1999, 2001-2016 Xilinx, Inc. All Rights Reserved.
Running: C:/Xilinx/Vivado/2017.2/bin/unwrapped/win64.o/xelab.exe -wto 5f86e1724f6e4426ada18119972713cb --debug typical --relax --mt 2 -L xil_defaultlib -L unisims_ver -L unimacro_ver -L secureip -L xpm --snapshot timer_tb_behav xil_defaultlib.timer_tb xil_defaultlib.glbl -log elaborate.log 
Using 2 slave threads.
Starting static elaboration
Completed static elaboration
Starting simulation data flow analysis
Completed simulation data flow analysis
Time Resolution for simulation is 1ps
Compiling module xil_defaultlib.scaledclock
Compiling module xil_defaultlib.timer_tb
Compiling module xil_defaultlib.glbl
Built simulation snapshot timer_tb_behav

****** Webtalk v2017.2 (64-bit)
  **** SW Build 1909853 on Thu Jun 15 18:39:09 MDT 2017
  **** IP Build 1909766 on Thu Jun 15 19:58:00 MDT 2017
    ** Copyright 1986-2017 Xilinx, Inc. All Rights Reserved.

source D:/XLINIX -notrace
invalid command name "%"
    while executing
"% Total    % Received % Xferd  Average Speed   Time    Time     Time  Current"
    (file "D:/XLINIX" line 1)
INFO: [Common 17-206] Exiting Webtalk at Wed Nov 29 17:15:07 2017...
run_program: Time (s): cpu = 00:00:00 ; elapsed = 00:00:22 . Memory (MB): peak = 900.172 ; gain = 0.000
INFO: [USF-XSim-69] 'elaborate' step finished in '22' seconds
INFO: [USF-XSim-4] XSim::Simulate design
INFO: [USF-XSim-61] Executing 'SIMULATE' step in 'D:/XLINIX Projects/GP/CSE320-Project-Files/teamproject/teamproject.sim/sim_1/behav'
INFO: [USF-XSim-98] *** Running xsim
   with args "timer_tb_behav -key {Behavioral:sim_1:Functional:timer_tb} -tclbatch {timer_tb.tcl} -log {simulate.log}"
INFO: [USF-XSim-8] Loading simulator feature
Vivado Simulator 2017.2
Time resolution is 1 ps
source timer_tb.tcl
# set curr_wave [current_wave_config]
# if { [string length $curr_wave] == 0 } {
#   if { [llength [get_objects]] > 0} {
#     add_wave /
#     set_property needs_save false [current_wave_config]
#   } else {
#      send_msg_id Add_Wave-1 WARNING "No top level signals found. Simulator will start without a wave window. If you want to open a wave window go to 'File->New Waveform Configuration' or type 'create_wave_config' in the TCL console."
#   }
# }
# run 5s
run: Time (s): cpu = 00:01:28 ; elapsed = 00:01:30 . Memory (MB): peak = 900.172 ; gain = 0.000
xsim: Time (s): cpu = 00:01:30 ; elapsed = 00:01:31 . Memory (MB): peak = 900.172 ; gain = 0.000
INFO: [USF-XSim-96] XSim completed. Design snapshot 'timer_tb_behav' loaded.
INFO: [USF-XSim-97] XSim simulation ran for 5s
launch_simulation: Time (s): cpu = 00:01:31 ; elapsed = 00:01:55 . Memory (MB): peak = 900.172 ; gain = 0.000
close_sim
INFO: [Simtcl 6-16] Simulation closed
close_sim: Time (s): cpu = 00:00:00 ; elapsed = 00:00:22 . Memory (MB): peak = 900.172 ; gain = 0.000
launch_simulation
INFO: [Vivado 12-4795] Using compiled simulation libraries for IPs
INFO: [SIM-utils-51] Simulation object is 'sim_1'
INFO: [USF-XSim-7] Finding pre-compiled libraries...
INFO: [USF-XSim-11] File 'C:/Xilinx/Vivado/2017.2/data/xsim/ip/xsim_ip.ini' copied to run dir:'D:/XLINIX Projects/GP/CSE320-Project-Files/teamproject/teamproject.sim/sim_1/behav'
INFO: [SIM-utils-54] Inspecting design source files for 'timer_tb' in fileset 'sim_1'...
INFO: [USF-XSim-97] Finding global include files...
INFO: [USF-XSim-98] Fetching design files from 'sim_1'...
INFO: [USF-XSim-2] XSim::Compile design
INFO: [USF-XSim-61] Executing 'COMPILE and ANALYZE' step in 'D:/XLINIX Projects/GP/CSE320-Project-Files/teamproject/teamproject.sim/sim_1/behav'
"xvlog -m64 --relax -L xil_defaultlib -prj timer_tb_vlog.prj"
INFO: [VRFC 10-2263] Analyzing SystemVerilog file "D:/XLINIX Projects/GP/CSE320-Project-Files/source files/scaledclock.sv" into library xil_defaultlib
INFO: [VRFC 10-311] analyzing module scaledclock
INFO: [VRFC 10-2263] Analyzing SystemVerilog file "D:/XLINIX Projects/GP/CSE320-Project-Files/source files/timer_tb.sv" into library xil_defaultlib
INFO: [VRFC 10-311] analyzing module timer_tb
INFO: [VRFC 10-2263] Analyzing Verilog file "D:/XLINIX Projects/GP/CSE320-Project-Files/teamproject/teamproject.sim/sim_1/behav/glbl.v" into library xil_defaultlib
INFO: [VRFC 10-311] analyzing module glbl
INFO: [USF-XSim-69] 'compile' step finished in '1' seconds
INFO: [USF-XSim-3] XSim::Elaborate design
INFO: [USF-XSim-61] Executing 'ELABORATE' step in 'D:/XLINIX Projects/GP/CSE320-Project-Files/teamproject/teamproject.sim/sim_1/behav'
Vivado Simulator 2017.2
Copyright 1986-1999, 2001-2016 Xilinx, Inc. All Rights Reserved.
Running: C:/Xilinx/Vivado/2017.2/bin/unwrapped/win64.o/xelab.exe -wto 5f86e1724f6e4426ada18119972713cb --debug typical --relax --mt 2 -L xil_defaultlib -L unisims_ver -L unimacro_ver -L secureip -L xpm --snapshot timer_tb_behav xil_defaultlib.timer_tb xil_defaultlib.glbl -log elaborate.log 
Using 2 slave threads.
Starting static elaboration
Completed static elaboration
Starting simulation data flow analysis
Completed simulation data flow analysis
Time Resolution for simulation is 1ps
Compiling module xil_defaultlib.scaledclock
Compiling module xil_defaultlib.timer_tb
Compiling module xil_defaultlib.glbl
Built simulation snapshot timer_tb_behav

****** Webtalk v2017.2 (64-bit)
  **** SW Build 1909853 on Thu Jun 15 18:39:09 MDT 2017
  **** IP Build 1909766 on Thu Jun 15 19:58:00 MDT 2017
    ** Copyright 1986-2017 Xilinx, Inc. All Rights Reserved.

source D:/XLINIX -notrace
invalid command name "%"
    while executing
"% Total    % Received % Xferd  Average Speed   Time    Time     Time  Current"
    (file "D:/XLINIX" line 1)
INFO: [Common 17-206] Exiting Webtalk at Wed Nov 29 17:17:51 2017...
run_program: Time (s): cpu = 00:00:00 ; elapsed = 00:00:21 . Memory (MB): peak = 900.172 ; gain = 0.000
INFO: [USF-XSim-69] 'elaborate' step finished in '21' seconds
INFO: [USF-XSim-4] XSim::Simulate design
INFO: [USF-XSim-61] Executing 'SIMULATE' step in 'D:/XLINIX Projects/GP/CSE320-Project-Files/teamproject/teamproject.sim/sim_1/behav'
INFO: [USF-XSim-98] *** Running xsim
   with args "timer_tb_behav -key {Behavioral:sim_1:Functional:timer_tb} -tclbatch {timer_tb.tcl} -log {simulate.log}"
INFO: [USF-XSim-8] Loading simulator feature
Vivado Simulator 2017.2
Time resolution is 1 ps
source timer_tb.tcl
# set curr_wave [current_wave_config]
# if { [string length $curr_wave] == 0 } {
#   if { [llength [get_objects]] > 0} {
#     add_wave /
#     set_property needs_save false [current_wave_config]
#   } else {
#      send_msg_id Add_Wave-1 WARNING "No top level signals found. Simulator will start without a wave window. If you want to open a wave window go to 'File->New Waveform Configuration' or type 'create_wave_config' in the TCL console."
#   }
# }
# run 5s
$finish called at time : 1000000115 ns : File "D:/XLINIX Projects/GP/CSE320-Project-Files/source files/timer_tb.sv" Line 43
run: Time (s): cpu = 00:01:35 ; elapsed = 00:01:34 . Memory (MB): peak = 900.172 ; gain = 0.000
xsim: Time (s): cpu = 00:01:37 ; elapsed = 00:01:35 . Memory (MB): peak = 900.172 ; gain = 0.000
INFO: [USF-XSim-96] XSim completed. Design snapshot 'timer_tb_behav' loaded.
INFO: [USF-XSim-97] XSim simulation ran for 5s
launch_simulation: Time (s): cpu = 00:01:37 ; elapsed = 00:01:58 . Memory (MB): peak = 900.172 ; gain = 0.000
close_sim
INFO: [Simtcl 6-16] Simulation closed
close_sim: Time (s): cpu = 00:00:00 ; elapsed = 00:00:22 . Memory (MB): peak = 900.172 ; gain = 0.000
launch_simulation
INFO: [Vivado 12-4795] Using compiled simulation libraries for IPs
INFO: [SIM-utils-51] Simulation object is 'sim_1'
INFO: [USF-XSim-7] Finding pre-compiled libraries...
INFO: [USF-XSim-11] File 'C:/Xilinx/Vivado/2017.2/data/xsim/ip/xsim_ip.ini' copied to run dir:'D:/XLINIX Projects/GP/CSE320-Project-Files/teamproject/teamproject.sim/sim_1/behav'
INFO: [SIM-utils-54] Inspecting design source files for 'timer_tb' in fileset 'sim_1'...
INFO: [USF-XSim-97] Finding global include files...
INFO: [USF-XSim-98] Fetching design files from 'sim_1'...
INFO: [USF-XSim-2] XSim::Compile design
INFO: [USF-XSim-61] Executing 'COMPILE and ANALYZE' step in 'D:/XLINIX Projects/GP/CSE320-Project-Files/teamproject/teamproject.sim/sim_1/behav'
"xvlog -m64 --relax -L xil_defaultlib -prj timer_tb_vlog.prj"
INFO: [VRFC 10-2263] Analyzing SystemVerilog file "D:/XLINIX Projects/GP/CSE320-Project-Files/source files/scaledclock.sv" into library xil_defaultlib
INFO: [VRFC 10-311] analyzing module scaledclock
ERROR: [VRFC 10-395] cannot assign a packed type to an unpacked type [D:/XLINIX Projects/GP/CSE320-Project-Files/source files/scaledclock.sv:34]
ERROR: [VRFC 10-845] illegal operand for operator + [D:/XLINIX Projects/GP/CSE320-Project-Files/source files/scaledclock.sv:40]
ERROR: [VRFC 10-395] cannot assign a packed type to an unpacked type [D:/XLINIX Projects/GP/CSE320-Project-Files/source files/scaledclock.sv:49]
ERROR: [VRFC 10-1040] module scaledclock ignored due to previous errors [D:/XLINIX Projects/GP/CSE320-Project-Files/source files/scaledclock.sv:23]
INFO: [USF-XSim-69] 'compile' step finished in '1' seconds
INFO: [USF-XSim-99] Step results log file:'D:/XLINIX Projects/GP/CSE320-Project-Files/teamproject/teamproject.sim/sim_1/behav/xvlog.log'
ERROR: [USF-XSim-62] 'compile' step failed with error(s). Please check the Tcl console output or 'D:/XLINIX Projects/GP/CSE320-Project-Files/teamproject/teamproject.sim/sim_1/behav/xvlog.log' file for more information.
ERROR: [Vivado 12-4473] Detected error while running simulation. Please correct the issue and retry this operation.
ERROR: [Common 17-39] 'launch_simulation' failed due to earlier errors.
launch_simulation
INFO: [Vivado 12-4795] Using compiled simulation libraries for IPs
INFO: [SIM-utils-51] Simulation object is 'sim_1'
INFO: [USF-XSim-7] Finding pre-compiled libraries...
INFO: [USF-XSim-11] File 'C:/Xilinx/Vivado/2017.2/data/xsim/ip/xsim_ip.ini' copied to run dir:'D:/XLINIX Projects/GP/CSE320-Project-Files/teamproject/teamproject.sim/sim_1/behav'
INFO: [SIM-utils-54] Inspecting design source files for 'timer_tb' in fileset 'sim_1'...
INFO: [USF-XSim-97] Finding global include files...
INFO: [USF-XSim-98] Fetching design files from 'sim_1'...
INFO: [USF-XSim-2] XSim::Compile design
INFO: [USF-XSim-61] Executing 'COMPILE and ANALYZE' step in 'D:/XLINIX Projects/GP/CSE320-Project-Files/teamproject/teamproject.sim/sim_1/behav'
"xvlog -m64 --relax -L xil_defaultlib -prj timer_tb_vlog.prj"
INFO: [VRFC 10-2263] Analyzing SystemVerilog file "D:/XLINIX Projects/GP/CSE320-Project-Files/source files/scaledclock.sv" into library xil_defaultlib
INFO: [VRFC 10-311] analyzing module scaledclock
INFO: [VRFC 10-2263] Analyzing SystemVerilog file "D:/XLINIX Projects/GP/CSE320-Project-Files/source files/timer_tb.sv" into library xil_defaultlib
INFO: [VRFC 10-311] analyzing module timer_tb
INFO: [VRFC 10-2263] Analyzing Verilog file "D:/XLINIX Projects/GP/CSE320-Project-Files/teamproject/teamproject.sim/sim_1/behav/glbl.v" into library xil_defaultlib
INFO: [VRFC 10-311] analyzing module glbl
INFO: [USF-XSim-69] 'compile' step finished in '1' seconds
INFO: [USF-XSim-3] XSim::Elaborate design
INFO: [USF-XSim-61] Executing 'ELABORATE' step in 'D:/XLINIX Projects/GP/CSE320-Project-Files/teamproject/teamproject.sim/sim_1/behav'
Vivado Simulator 2017.2
Copyright 1986-1999, 2001-2016 Xilinx, Inc. All Rights Reserved.
Running: C:/Xilinx/Vivado/2017.2/bin/unwrapped/win64.o/xelab.exe -wto 5f86e1724f6e4426ada18119972713cb --debug typical --relax --mt 2 -L xil_defaultlib -L unisims_ver -L unimacro_ver -L secureip -L xpm --snapshot timer_tb_behav xil_defaultlib.timer_tb xil_defaultlib.glbl -log elaborate.log 
Using 2 slave threads.
Starting static elaboration
Completed static elaboration
Starting simulation data flow analysis
Completed simulation data flow analysis
Time Resolution for simulation is 1ps
Compiling module xil_defaultlib.scaledclock
Compiling module xil_defaultlib.timer_tb
Compiling module xil_defaultlib.glbl
Built simulation snapshot timer_tb_behav

****** Webtalk v2017.2 (64-bit)
  **** SW Build 1909853 on Thu Jun 15 18:39:09 MDT 2017
  **** IP Build 1909766 on Thu Jun 15 19:58:00 MDT 2017
    ** Copyright 1986-2017 Xilinx, Inc. All Rights Reserved.

source D:/XLINIX -notrace
invalid command name "%"
    while executing
"% Total    % Received % Xferd  Average Speed   Time    Time     Time  Current"
    (file "D:/XLINIX" line 1)
INFO: [Common 17-206] Exiting Webtalk at Wed Nov 29 17:22:30 2017...
run_program: Time (s): cpu = 00:00:00 ; elapsed = 00:00:21 . Memory (MB): peak = 900.172 ; gain = 0.000
INFO: [USF-XSim-69] 'elaborate' step finished in '21' seconds
INFO: [USF-XSim-4] XSim::Simulate design
INFO: [USF-XSim-61] Executing 'SIMULATE' step in 'D:/XLINIX Projects/GP/CSE320-Project-Files/teamproject/teamproject.sim/sim_1/behav'
INFO: [USF-XSim-98] *** Running xsim
   with args "timer_tb_behav -key {Behavioral:sim_1:Functional:timer_tb} -tclbatch {timer_tb.tcl} -log {simulate.log}"
INFO: [USF-XSim-8] Loading simulator feature
Vivado Simulator 2017.2
Time resolution is 1 ps
source timer_tb.tcl
# set curr_wave [current_wave_config]
# if { [string length $curr_wave] == 0 } {
#   if { [llength [get_objects]] > 0} {
#     add_wave /
#     set_property needs_save false [current_wave_config]
#   } else {
#      send_msg_id Add_Wave-1 WARNING "No top level signals found. Simulator will start without a wave window. If you want to open a wave window go to 'File->New Waveform Configuration' or type 'create_wave_config' in the TCL console."
#   }
# }
# run 5s
run: Time (s): cpu = 00:00:29 ; elapsed = 00:00:29 . Memory (MB): peak = 900.172 ; gain = 0.000
xsim: Time (s): cpu = 00:00:30 ; elapsed = 00:00:30 . Memory (MB): peak = 900.172 ; gain = 0.000
INFO: [USF-XSim-96] XSim completed. Design snapshot 'timer_tb_behav' loaded.
INFO: [USF-XSim-97] XSim simulation ran for 5s
launch_simulation: Time (s): cpu = 00:00:30 ; elapsed = 00:00:53 . Memory (MB): peak = 900.172 ; gain = 0.000
close_sim
INFO: [Simtcl 6-16] Simulation closed
close_sim: Time (s): cpu = 00:00:01 ; elapsed = 00:00:22 . Memory (MB): peak = 906.516 ; gain = 0.000
exit
INFO: [Common 17-206] Exiting Vivado at Wed Nov 29 17:44:24 2017...
