#-----------------------------------------------------------
# Vivado v2017.2 (64-bit)
# SW Build 1909853 on Thu Jun 15 18:39:09 MDT 2017
# IP Build 1909766 on Thu Jun 15 19:58:00 MDT 2017
# Start of session at: Wed Nov 29 10:29:01 2017
# Process ID: 1412
# Current directory: D:/XLINIX Projects/GP/CSE320-Project-Files/teamproject
# Command line: vivado.exe -gui_launcher_event rodinguilauncherevent3580 D:\XLINIX Projects\GP\CSE320-Project-Files\teamproject\teamproject.xpr
# Log file: D:/XLINIX Projects/GP/CSE320-Project-Files/teamproject/vivado.log
# Journal file: D:/XLINIX Projects/GP/CSE320-Project-Files/teamproject\vivado.jou
#-----------------------------------------------------------
start_gui
open_project {D:/XLINIX Projects/GP/CSE320-Project-Files/teamproject/teamproject.xpr}
Scanning sources...
Finished scanning sources
INFO: [IP_Flow 19-234] Refreshing IP repositories
INFO: [IP_Flow 19-1704] No user IP repositories specified
INFO: [IP_Flow 19-2313] Loaded Vivado IP repository 'C:/Xilinx/Vivado/2017.2/data/ip'.
WARNING: [IP_Flow 19-3664] IP 'blk_mem_gen_0' generated file not found 'd:/XLINIX Projects/GP/CSE320-Project-Files/teamproject/teamproject.srcs/sources_1/ip/blk_mem_gen_0/blk_mem_gen_0.dcp'. Please regenerate to continue.
WARNING: [IP_Flow 19-3664] IP 'blk_mem_gen_0' generated file not found 'd:/XLINIX Projects/GP/CSE320-Project-Files/teamproject/teamproject.srcs/sources_1/ip/blk_mem_gen_0/blk_mem_gen_0_stub.v'. Please regenerate to continue.
WARNING: [IP_Flow 19-3664] IP 'blk_mem_gen_0' generated file not found 'd:/XLINIX Projects/GP/CSE320-Project-Files/teamproject/teamproject.srcs/sources_1/ip/blk_mem_gen_0/blk_mem_gen_0_stub.vhdl'. Please regenerate to continue.
WARNING: [IP_Flow 19-3664] IP 'blk_mem_gen_0' generated file not found 'd:/XLINIX Projects/GP/CSE320-Project-Files/teamproject/teamproject.srcs/sources_1/ip/blk_mem_gen_0/blk_mem_gen_0_sim_netlist.v'. Please regenerate to continue.
WARNING: [IP_Flow 19-3664] IP 'blk_mem_gen_0' generated file not found 'd:/XLINIX Projects/GP/CSE320-Project-Files/teamproject/teamproject.srcs/sources_1/ip/blk_mem_gen_0/blk_mem_gen_0_sim_netlist.vhdl'. Please regenerate to continue.
open_project: Time (s): cpu = 00:00:16 ; elapsed = 00:00:09 . Memory (MB): peak = 797.676 ; gain = 43.121
update_compile_order -fileset sources_1
update_compile_order -fileset sim_1
set_property top timer_tb [get_filesets sim_1]
set_property top_lib xil_defaultlib [get_filesets sim_1]
WARNING: [filemgmt 56-199] Attempt to get parsing info during refresh. "On-the-fly" syntax checking information may be incorrect. [D:/XLINIX Projects/GP/CSE320-Project-Files/source files/Timer.sv:]
WARNING: [filemgmt 56-199] Attempt to get parsing info during refresh. "On-the-fly" syntax checking information may be incorrect. [D:/XLINIX Projects/GP/CSE320-Project-Files/source files/scaledclock.sv:]
WARNING: [filemgmt 56-199] Attempt to get parsing info during refresh. "On-the-fly" syntax checking information may be incorrect. [D:/XLINIX Projects/GP/CSE320-Project-Files/source files/timer_tb.sv:]
WARNING: [filemgmt 56-199] Attempt to get parsing info during refresh. "On-the-fly" syntax checking information may be incorrect. [D:/XLINIX Projects/GP/CSE320-Project-Files/source files/TopModule.sv:]
WARNING: [filemgmt 56-199] Attempt to get parsing info during refresh. "On-the-fly" syntax checking information may be incorrect. [D:/XLINIX Projects/GP/CSE320-Project-Files/source files/Timer.sv:]
WARNING: [filemgmt 56-199] Attempt to get parsing info during refresh. "On-the-fly" syntax checking information may be incorrect. [D:/XLINIX Projects/GP/CSE320-Project-Files/source files/scaledclock.sv:]
WARNING: [filemgmt 56-199] Attempt to get parsing info during refresh. "On-the-fly" syntax checking information may be incorrect. [D:/XLINIX Projects/GP/CSE320-Project-Files/source files/timer_tb.sv:]
WARNING: [filemgmt 56-199] Attempt to get parsing info during refresh. "On-the-fly" syntax checking information may be incorrect. [D:/XLINIX Projects/GP/CSE320-Project-Files/source files/TopModule.sv:]
WARNING: [filemgmt 56-199] Attempt to get parsing info during refresh. "On-the-fly" syntax checking information may be incorrect. [D:/XLINIX Projects/GP/CSE320-Project-Files/source files/Timer.sv:]
WARNING: [filemgmt 56-199] Attempt to get parsing info during refresh. "On-the-fly" syntax checking information may be incorrect. [D:/XLINIX Projects/GP/CSE320-Project-Files/source files/scaledclock.sv:]
WARNING: [filemgmt 56-199] Attempt to get parsing info during refresh. "On-the-fly" syntax checking information may be incorrect. [D:/XLINIX Projects/GP/CSE320-Project-Files/source files/timer_tb.sv:]
WARNING: [filemgmt 56-199] Attempt to get parsing info during refresh. "On-the-fly" syntax checking information may be incorrect. [D:/XLINIX Projects/GP/CSE320-Project-Files/source files/TopModule.sv:]
update_compile_order -fileset sim_1
launch_simulation
INFO: [Vivado 12-4795] Using compiled simulation libraries for IPs
INFO: [SIM-utils-51] Simulation object is 'sim_1'
INFO: [USF-XSim-7] Finding pre-compiled libraries...
INFO: [USF-XSim-11] File 'C:/Xilinx/Vivado/2017.2/data/xsim/ip/xsim_ip.ini' copied to run dir:'D:/XLINIX Projects/GP/CSE320-Project-Files/teamproject/teamproject.sim/sim_1/behav'
INFO: [SIM-utils-54] Inspecting design source files for 'timer_tb' in fileset 'sim_1'...
INFO: [USF-XSim-97] Finding global include files...
INFO: [USF-XSim-98] Fetching design files from 'sim_1'...
INFO: [USF-XSim-2] XSim::Compile design
INFO: [USF-XSim-61] Executing 'COMPILE and ANALYZE' step in 'D:/XLINIX Projects/GP/CSE320-Project-Files/teamproject/teamproject.sim/sim_1/behav'
"xvlog -m64 --relax -L xil_defaultlib -prj timer_tb_vlog.prj"
INFO: [VRFC 10-2263] Analyzing SystemVerilog file "D:/XLINIX Projects/GP/CSE320-Project-Files/source files/timer_tb.sv" into library xil_defaultlib
INFO: [VRFC 10-311] analyzing module timer_tb
ERROR: [VRFC 10-1412] syntax error near scaledclock [D:/XLINIX Projects/GP/CSE320-Project-Files/source files/timer_tb.sv:26]
WARNING: [VRFC 10-2495] decimal constant 100000000000000000000000 is too large, using -1 (i.e limiting to 32 bits) instead [D:/XLINIX Projects/GP/CSE320-Project-Files/source files/timer_tb.sv:38]
ERROR: [VRFC 10-1040] module timer_tb ignored due to previous errors [D:/XLINIX Projects/GP/CSE320-Project-Files/source files/timer_tb.sv:21]
INFO: [USF-XSim-69] 'compile' step finished in '1' seconds
INFO: [USF-XSim-99] Step results log file:'D:/XLINIX Projects/GP/CSE320-Project-Files/teamproject/teamproject.sim/sim_1/behav/xvlog.log'
ERROR: [USF-XSim-62] 'compile' step failed with error(s). Please check the Tcl console output or 'D:/XLINIX Projects/GP/CSE320-Project-Files/teamproject/teamproject.sim/sim_1/behav/xvlog.log' file for more information.
ERROR: [Vivado 12-4473] Detected error while running simulation. Please correct the issue and retry this operation.
ERROR: [Common 17-39] 'launch_simulation' failed due to earlier errors.
launch_simulation
INFO: [Vivado 12-4795] Using compiled simulation libraries for IPs
INFO: [SIM-utils-51] Simulation object is 'sim_1'
INFO: [USF-XSim-7] Finding pre-compiled libraries...
INFO: [USF-XSim-11] File 'C:/Xilinx/Vivado/2017.2/data/xsim/ip/xsim_ip.ini' copied to run dir:'D:/XLINIX Projects/GP/CSE320-Project-Files/teamproject/teamproject.sim/sim_1/behav'
INFO: [SIM-utils-54] Inspecting design source files for 'timer_tb' in fileset 'sim_1'...
INFO: [USF-XSim-97] Finding global include files...
INFO: [USF-XSim-98] Fetching design files from 'sim_1'...
INFO: [USF-XSim-2] XSim::Compile design
INFO: [USF-XSim-61] Executing 'COMPILE and ANALYZE' step in 'D:/XLINIX Projects/GP/CSE320-Project-Files/teamproject/teamproject.sim/sim_1/behav'
"xvlog -m64 --relax -L xil_defaultlib -prj timer_tb_vlog.prj"
INFO: [VRFC 10-2263] Analyzing SystemVerilog file "D:/XLINIX Projects/GP/CSE320-Project-Files/source files/scaledclock.sv" into library xil_defaultlib
INFO: [VRFC 10-311] analyzing module scaledclock
INFO: [VRFC 10-2263] Analyzing SystemVerilog file "D:/XLINIX Projects/GP/CSE320-Project-Files/source files/timer_tb.sv" into library xil_defaultlib
INFO: [VRFC 10-311] analyzing module timer_tb
WARNING: [VRFC 10-2495] decimal constant 100000000000000000000000 is too large, using -1 (i.e limiting to 32 bits) instead [D:/XLINIX Projects/GP/CSE320-Project-Files/source files/timer_tb.sv:38]
INFO: [VRFC 10-2263] Analyzing Verilog file "D:/XLINIX Projects/GP/CSE320-Project-Files/teamproject/teamproject.sim/sim_1/behav/glbl.v" into library xil_defaultlib
INFO: [VRFC 10-311] analyzing module glbl
INFO: [USF-XSim-69] 'compile' step finished in '1' seconds
INFO: [USF-XSim-3] XSim::Elaborate design
INFO: [USF-XSim-61] Executing 'ELABORATE' step in 'D:/XLINIX Projects/GP/CSE320-Project-Files/teamproject/teamproject.sim/sim_1/behav'
Vivado Simulator 2017.2
Copyright 1986-1999, 2001-2016 Xilinx, Inc. All Rights Reserved.
Running: C:/Xilinx/Vivado/2017.2/bin/unwrapped/win64.o/xelab.exe -wto 5f86e1724f6e4426ada18119972713cb --debug typical --relax --mt 2 -L xil_defaultlib -L unisims_ver -L unimacro_ver -L secureip -L xpm --snapshot timer_tb_behav xil_defaultlib.timer_tb xil_defaultlib.glbl -log elaborate.log 
Using 2 slave threads.
Starting static elaboration
Completed static elaboration
Starting simulation data flow analysis
Completed simulation data flow analysis
Time Resolution for simulation is 1ps
Compiling module xil_defaultlib.scaledclock
Compiling module xil_defaultlib.timer_tb
WARNING: [XSIM 43-3368] "D:/XLINIX Projects/GP/CSE320-Project-Files/source files/timer_tb.sv" Line 38. Negative delay (-1000.000000) treated as 0.
Compiling module xil_defaultlib.glbl
Built simulation snapshot timer_tb_behav

****** Webtalk v2017.2 (64-bit)
  **** SW Build 1909853 on Thu Jun 15 18:39:09 MDT 2017
  **** IP Build 1909766 on Thu Jun 15 19:58:00 MDT 2017
    ** Copyright 1986-2017 Xilinx, Inc. All Rights Reserved.

source D:/XLINIX -notrace
invalid command name "%"
    while executing
"% Total    % Received % Xferd  Average Speed   Time    Time     Time  Current"
    (file "D:/XLINIX" line 1)
INFO: [Common 17-206] Exiting Webtalk at Wed Nov 29 10:38:24 2017...
run_program: Time (s): cpu = 00:00:00 ; elapsed = 00:00:08 . Memory (MB): peak = 916.516 ; gain = 0.000
INFO: [USF-XSim-69] 'elaborate' step finished in '7' seconds
INFO: [USF-XSim-4] XSim::Simulate design
INFO: [USF-XSim-61] Executing 'SIMULATE' step in 'D:/XLINIX Projects/GP/CSE320-Project-Files/teamproject/teamproject.sim/sim_1/behav'
INFO: [USF-XSim-98] *** Running xsim
   with args "timer_tb_behav -key {Behavioral:sim_1:Functional:timer_tb} -tclbatch {timer_tb.tcl} -log {simulate.log}"
INFO: [USF-XSim-8] Loading simulator feature
Vivado Simulator 2017.2
Time resolution is 1 ps
source timer_tb.tcl
# set curr_wave [current_wave_config]
# if { [string length $curr_wave] == 0 } {
#   if { [llength [get_objects]] > 0} {
#     add_wave /
#     set_property needs_save false [current_wave_config]
#   } else {
#      send_msg_id Add_Wave-1 WARNING "No top level signals found. Simulator will start without a wave window. If you want to open a wave window go to 'File->New Waveform Configuration' or type 'create_wave_config' in the TCL console."
#   }
# }
# run 1000ns
$finish called at time : 100 ns : File "D:/XLINIX Projects/GP/CSE320-Project-Files/source files/timer_tb.sv" Line 39
INFO: [USF-XSim-96] XSim completed. Design snapshot 'timer_tb_behav' loaded.
INFO: [USF-XSim-97] XSim simulation ran for 1000ns
launch_simulation: Time (s): cpu = 00:00:07 ; elapsed = 00:00:12 . Memory (MB): peak = 916.516 ; gain = 0.000
close_sim
INFO: [Simtcl 6-16] Simulation closed
close_sim: Time (s): cpu = 00:00:00 ; elapsed = 00:00:07 . Memory (MB): peak = 916.516 ; gain = 0.000
launch_simulation
INFO: [Vivado 12-4795] Using compiled simulation libraries for IPs
INFO: [SIM-utils-51] Simulation object is 'sim_1'
INFO: [USF-XSim-7] Finding pre-compiled libraries...
INFO: [USF-XSim-11] File 'C:/Xilinx/Vivado/2017.2/data/xsim/ip/xsim_ip.ini' copied to run dir:'D:/XLINIX Projects/GP/CSE320-Project-Files/teamproject/teamproject.sim/sim_1/behav'
INFO: [SIM-utils-54] Inspecting design source files for 'timer_tb' in fileset 'sim_1'...
INFO: [USF-XSim-97] Finding global include files...
INFO: [USF-XSim-98] Fetching design files from 'sim_1'...
INFO: [USF-XSim-2] XSim::Compile design
INFO: [USF-XSim-61] Executing 'COMPILE and ANALYZE' step in 'D:/XLINIX Projects/GP/CSE320-Project-Files/teamproject/teamproject.sim/sim_1/behav'
"xvlog -m64 --relax -L xil_defaultlib -prj timer_tb_vlog.prj"
INFO: [VRFC 10-2263] Analyzing SystemVerilog file "D:/XLINIX Projects/GP/CSE320-Project-Files/source files/scaledclock.sv" into library xil_defaultlib
INFO: [VRFC 10-311] analyzing module scaledclock
INFO: [VRFC 10-2263] Analyzing SystemVerilog file "D:/XLINIX Projects/GP/CSE320-Project-Files/source files/timer_tb.sv" into library xil_defaultlib
INFO: [VRFC 10-311] analyzing module timer_tb
WARNING: [VRFC 10-2495] decimal constant 100000000000000000000000 is too large, using -1 (i.e limiting to 32 bits) instead [D:/XLINIX Projects/GP/CSE320-Project-Files/source files/timer_tb.sv:38]
INFO: [VRFC 10-2263] Analyzing Verilog file "D:/XLINIX Projects/GP/CSE320-Project-Files/teamproject/teamproject.sim/sim_1/behav/glbl.v" into library xil_defaultlib
INFO: [VRFC 10-311] analyzing module glbl
INFO: [USF-XSim-69] 'compile' step finished in '1' seconds
INFO: [USF-XSim-3] XSim::Elaborate design
INFO: [USF-XSim-61] Executing 'ELABORATE' step in 'D:/XLINIX Projects/GP/CSE320-Project-Files/teamproject/teamproject.sim/sim_1/behav'
Vivado Simulator 2017.2
Copyright 1986-1999, 2001-2016 Xilinx, Inc. All Rights Reserved.
Running: C:/Xilinx/Vivado/2017.2/bin/unwrapped/win64.o/xelab.exe -wto 5f86e1724f6e4426ada18119972713cb --debug typical --relax --mt 2 -L xil_defaultlib -L unisims_ver -L unimacro_ver -L secureip -L xpm --snapshot timer_tb_behav xil_defaultlib.timer_tb xil_defaultlib.glbl -log elaborate.log 
Using 2 slave threads.
Starting static elaboration
Completed static elaboration
Starting simulation data flow analysis
Completed simulation data flow analysis
Time Resolution for simulation is 1ps
Compiling module xil_defaultlib.scaledclock
Compiling module xil_defaultlib.timer_tb
WARNING: [XSIM 43-3368] "D:/XLINIX Projects/GP/CSE320-Project-Files/source files/timer_tb.sv" Line 38. Negative delay (-1000.000000) treated as 0.
Compiling module xil_defaultlib.glbl
Built simulation snapshot timer_tb_behav

****** Webtalk v2017.2 (64-bit)
  **** SW Build 1909853 on Thu Jun 15 18:39:09 MDT 2017
  **** IP Build 1909766 on Thu Jun 15 19:58:00 MDT 2017
    ** Copyright 1986-2017 Xilinx, Inc. All Rights Reserved.

source D:/XLINIX -notrace
invalid command name "%"
    while executing
"% Total    % Received % Xferd  Average Speed   Time    Time     Time  Current"
    (file "D:/XLINIX" line 1)
INFO: [Common 17-206] Exiting Webtalk at Wed Nov 29 10:41:19 2017...
run_program: Time (s): cpu = 00:00:00 ; elapsed = 00:00:07 . Memory (MB): peak = 916.516 ; gain = 0.000
INFO: [USF-XSim-69] 'elaborate' step finished in '7' seconds
INFO: [USF-XSim-4] XSim::Simulate design
INFO: [USF-XSim-61] Executing 'SIMULATE' step in 'D:/XLINIX Projects/GP/CSE320-Project-Files/teamproject/teamproject.sim/sim_1/behav'
INFO: [USF-XSim-98] *** Running xsim
   with args "timer_tb_behav -key {Behavioral:sim_1:Functional:timer_tb} -tclbatch {timer_tb.tcl} -log {simulate.log}"
INFO: [USF-XSim-8] Loading simulator feature
Vivado Simulator 2017.2
Time resolution is 1 ps
source timer_tb.tcl
# set curr_wave [current_wave_config]
# if { [string length $curr_wave] == 0 } {
#   if { [llength [get_objects]] > 0} {
#     add_wave /
#     set_property needs_save false [current_wave_config]
#   } else {
#      send_msg_id Add_Wave-1 WARNING "No top level signals found. Simulator will start without a wave window. If you want to open a wave window go to 'File->New Waveform Configuration' or type 'create_wave_config' in the TCL console."
#   }
# }
# run 1000ns
$finish called at time : 100 ns : File "D:/XLINIX Projects/GP/CSE320-Project-Files/source files/timer_tb.sv" Line 39
INFO: [USF-XSim-96] XSim completed. Design snapshot 'timer_tb_behav' loaded.
INFO: [USF-XSim-97] XSim simulation ran for 1000ns
launch_simulation: Time (s): cpu = 00:00:04 ; elapsed = 00:00:11 . Memory (MB): peak = 916.516 ; gain = 0.000
set_property -name {xsim.simulate.runtime} -value {5s} -objects [get_filesets sim_1]
close_sim
INFO: [Simtcl 6-16] Simulation closed
close_sim: Time (s): cpu = 00:00:00 ; elapsed = 00:00:06 . Memory (MB): peak = 959.422 ; gain = 0.000
launch_simulation
INFO: [Vivado 12-4795] Using compiled simulation libraries for IPs
INFO: [SIM-utils-51] Simulation object is 'sim_1'
INFO: [USF-XSim-7] Finding pre-compiled libraries...
INFO: [USF-XSim-11] File 'C:/Xilinx/Vivado/2017.2/data/xsim/ip/xsim_ip.ini' copied to run dir:'D:/XLINIX Projects/GP/CSE320-Project-Files/teamproject/teamproject.sim/sim_1/behav'
INFO: [SIM-utils-54] Inspecting design source files for 'timer_tb' in fileset 'sim_1'...
INFO: [USF-XSim-97] Finding global include files...
INFO: [USF-XSim-98] Fetching design files from 'sim_1'...
INFO: [USF-XSim-2] XSim::Compile design
INFO: [USF-XSim-61] Executing 'COMPILE and ANALYZE' step in 'D:/XLINIX Projects/GP/CSE320-Project-Files/teamproject/teamproject.sim/sim_1/behav'
"xvlog -m64 --relax -L xil_defaultlib -prj timer_tb_vlog.prj"
INFO: [VRFC 10-2263] Analyzing SystemVerilog file "D:/XLINIX Projects/GP/CSE320-Project-Files/source files/scaledclock.sv" into library xil_defaultlib
INFO: [VRFC 10-311] analyzing module scaledclock
INFO: [VRFC 10-2263] Analyzing SystemVerilog file "D:/XLINIX Projects/GP/CSE320-Project-Files/source files/timer_tb.sv" into library xil_defaultlib
INFO: [VRFC 10-311] analyzing module timer_tb
WARNING: [VRFC 10-2495] decimal constant 100000000000000000000000 is too large, using -1 (i.e limiting to 32 bits) instead [D:/XLINIX Projects/GP/CSE320-Project-Files/source files/timer_tb.sv:38]
INFO: [VRFC 10-2263] Analyzing Verilog file "D:/XLINIX Projects/GP/CSE320-Project-Files/teamproject/teamproject.sim/sim_1/behav/glbl.v" into library xil_defaultlib
INFO: [VRFC 10-311] analyzing module glbl
INFO: [USF-XSim-69] 'compile' step finished in '1' seconds
INFO: [USF-XSim-3] XSim::Elaborate design
INFO: [USF-XSim-61] Executing 'ELABORATE' step in 'D:/XLINIX Projects/GP/CSE320-Project-Files/teamproject/teamproject.sim/sim_1/behav'
Vivado Simulator 2017.2
Copyright 1986-1999, 2001-2016 Xilinx, Inc. All Rights Reserved.
Running: C:/Xilinx/Vivado/2017.2/bin/unwrapped/win64.o/xelab.exe -wto 5f86e1724f6e4426ada18119972713cb --debug typical --relax --mt 2 -L xil_defaultlib -L unisims_ver -L unimacro_ver -L secureip -L xpm --snapshot timer_tb_behav xil_defaultlib.timer_tb xil_defaultlib.glbl -log elaborate.log 
Using 2 slave threads.
Starting static elaboration
Completed static elaboration
Starting simulation data flow analysis
Completed simulation data flow analysis
Time Resolution for simulation is 1ps
Compiling module xil_defaultlib.scaledclock
Compiling module xil_defaultlib.timer_tb
WARNING: [XSIM 43-3368] "D:/XLINIX Projects/GP/CSE320-Project-Files/source files/timer_tb.sv" Line 38. Negative delay (-1000.000000) treated as 0.
Compiling module xil_defaultlib.glbl
Built simulation snapshot timer_tb_behav

****** Webtalk v2017.2 (64-bit)
  **** SW Build 1909853 on Thu Jun 15 18:39:09 MDT 2017
  **** IP Build 1909766 on Thu Jun 15 19:58:00 MDT 2017
    ** Copyright 1986-2017 Xilinx, Inc. All Rights Reserved.

source D:/XLINIX -notrace
invalid command name "%"
    while executing
"% Total    % Received % Xferd  Average Speed   Time    Time     Time  Current"
    (file "D:/XLINIX" line 1)
INFO: [Common 17-206] Exiting Webtalk at Wed Nov 29 10:43:36 2017...
run_program: Time (s): cpu = 00:00:02 ; elapsed = 00:00:06 . Memory (MB): peak = 963.172 ; gain = 0.000
INFO: [USF-XSim-69] 'elaborate' step finished in '6' seconds
INFO: [USF-XSim-4] XSim::Simulate design
INFO: [USF-XSim-61] Executing 'SIMULATE' step in 'D:/XLINIX Projects/GP/CSE320-Project-Files/teamproject/teamproject.sim/sim_1/behav'
INFO: [USF-XSim-98] *** Running xsim
   with args "timer_tb_behav -key {Behavioral:sim_1:Functional:timer_tb} -tclbatch {timer_tb.tcl} -log {simulate.log}"
INFO: [USF-XSim-8] Loading simulator feature
Vivado Simulator 2017.2
Time resolution is 1 ps
source timer_tb.tcl
# set curr_wave [current_wave_config]
# if { [string length $curr_wave] == 0 } {
#   if { [llength [get_objects]] > 0} {
#     add_wave /
#     set_property needs_save false [current_wave_config]
#   } else {
#      send_msg_id Add_Wave-1 WARNING "No top level signals found. Simulator will start without a wave window. If you want to open a wave window go to 'File->New Waveform Configuration' or type 'create_wave_config' in the TCL console."
#   }
# }
# run 5s
$finish called at time : 100 ns : File "D:/XLINIX Projects/GP/CSE320-Project-Files/source files/timer_tb.sv" Line 39
INFO: [USF-XSim-96] XSim completed. Design snapshot 'timer_tb_behav' loaded.
INFO: [USF-XSim-97] XSim simulation ran for 5s
launch_simulation: Time (s): cpu = 00:00:05 ; elapsed = 00:00:09 . Memory (MB): peak = 963.172 ; gain = 3.750
close_sim
INFO: [Simtcl 6-16] Simulation closed
close_sim: Time (s): cpu = 00:00:00 ; elapsed = 00:00:05 . Memory (MB): peak = 963.172 ; gain = 0.000
launch_simulation
INFO: [Vivado 12-4795] Using compiled simulation libraries for IPs
INFO: [SIM-utils-51] Simulation object is 'sim_1'
INFO: [USF-XSim-7] Finding pre-compiled libraries...
INFO: [USF-XSim-11] File 'C:/Xilinx/Vivado/2017.2/data/xsim/ip/xsim_ip.ini' copied to run dir:'D:/XLINIX Projects/GP/CSE320-Project-Files/teamproject/teamproject.sim/sim_1/behav'
INFO: [SIM-utils-54] Inspecting design source files for 'timer_tb' in fileset 'sim_1'...
INFO: [USF-XSim-97] Finding global include files...
INFO: [USF-XSim-98] Fetching design files from 'sim_1'...
INFO: [USF-XSim-2] XSim::Compile design
INFO: [USF-XSim-61] Executing 'COMPILE and ANALYZE' step in 'D:/XLINIX Projects/GP/CSE320-Project-Files/teamproject/teamproject.sim/sim_1/behav'
"xvlog -m64 --relax -L xil_defaultlib -prj timer_tb_vlog.prj"
INFO: [VRFC 10-2263] Analyzing SystemVerilog file "D:/XLINIX Projects/GP/CSE320-Project-Files/source files/scaledclock.sv" into library xil_defaultlib
INFO: [VRFC 10-311] analyzing module scaledclock
INFO: [VRFC 10-2263] Analyzing SystemVerilog file "D:/XLINIX Projects/GP/CSE320-Project-Files/source files/timer_tb.sv" into library xil_defaultlib
INFO: [VRFC 10-311] analyzing module timer_tb
WARNING: [VRFC 10-2495] decimal constant 100000000000000000000000 is too large, using -1 (i.e limiting to 32 bits) instead [D:/XLINIX Projects/GP/CSE320-Project-Files/source files/timer_tb.sv:38]
INFO: [VRFC 10-2263] Analyzing Verilog file "D:/XLINIX Projects/GP/CSE320-Project-Files/teamproject/teamproject.sim/sim_1/behav/glbl.v" into library xil_defaultlib
INFO: [VRFC 10-311] analyzing module glbl
INFO: [USF-XSim-69] 'compile' step finished in '1' seconds
INFO: [USF-XSim-3] XSim::Elaborate design
INFO: [USF-XSim-61] Executing 'ELABORATE' step in 'D:/XLINIX Projects/GP/CSE320-Project-Files/teamproject/teamproject.sim/sim_1/behav'
Vivado Simulator 2017.2
Copyright 1986-1999, 2001-2016 Xilinx, Inc. All Rights Reserved.
Running: C:/Xilinx/Vivado/2017.2/bin/unwrapped/win64.o/xelab.exe -wto 5f86e1724f6e4426ada18119972713cb --debug typical --relax --mt 2 -L xil_defaultlib -L unisims_ver -L unimacro_ver -L secureip -L xpm --snapshot timer_tb_behav xil_defaultlib.timer_tb xil_defaultlib.glbl -log elaborate.log 
Using 2 slave threads.
Starting static elaboration
Completed static elaboration
Starting simulation data flow analysis
Completed simulation data flow analysis
Time Resolution for simulation is 1ps
Compiling module xil_defaultlib.scaledclock
Compiling module xil_defaultlib.timer_tb
WARNING: [XSIM 43-3368] "D:/XLINIX Projects/GP/CSE320-Project-Files/source files/timer_tb.sv" Line 38. Negative delay (-1000.000000) treated as 0.
Compiling module xil_defaultlib.glbl
Built simulation snapshot timer_tb_behav

****** Webtalk v2017.2 (64-bit)
  **** SW Build 1909853 on Thu Jun 15 18:39:09 MDT 2017
  **** IP Build 1909766 on Thu Jun 15 19:58:00 MDT 2017
    ** Copyright 1986-2017 Xilinx, Inc. All Rights Reserved.

source D:/XLINIX -notrace
invalid command name "%"
    while executing
"% Total    % Received % Xferd  Average Speed   Time    Time     Time  Current"
    (file "D:/XLINIX" line 1)
INFO: [Common 17-206] Exiting Webtalk at Wed Nov 29 10:44:28 2017...
run_program: Time (s): cpu = 00:00:00 ; elapsed = 00:00:10 . Memory (MB): peak = 963.172 ; gain = 0.000
INFO: [USF-XSim-69] 'elaborate' step finished in '10' seconds
INFO: [USF-XSim-4] XSim::Simulate design
INFO: [USF-XSim-61] Executing 'SIMULATE' step in 'D:/XLINIX Projects/GP/CSE320-Project-Files/teamproject/teamproject.sim/sim_1/behav'
INFO: [USF-XSim-98] *** Running xsim
   with args "timer_tb_behav -key {Behavioral:sim_1:Functional:timer_tb} -tclbatch {timer_tb.tcl} -log {simulate.log}"
INFO: [USF-XSim-8] Loading simulator feature
Vivado Simulator 2017.2
Time resolution is 1 ps
source timer_tb.tcl
# set curr_wave [current_wave_config]
# if { [string length $curr_wave] == 0 } {
#   if { [llength [get_objects]] > 0} {
#     add_wave /
#     set_property needs_save false [current_wave_config]
#   } else {
#      send_msg_id Add_Wave-1 WARNING "No top level signals found. Simulator will start without a wave window. If you want to open a wave window go to 'File->New Waveform Configuration' or type 'create_wave_config' in the TCL console."
#   }
# }
# run 5s
$finish called at time : 100 ns : File "D:/XLINIX Projects/GP/CSE320-Project-Files/source files/timer_tb.sv" Line 40
INFO: [USF-XSim-96] XSim completed. Design snapshot 'timer_tb_behav' loaded.
INFO: [USF-XSim-97] XSim simulation ran for 5s
launch_simulation: Time (s): cpu = 00:00:04 ; elapsed = 00:00:13 . Memory (MB): peak = 963.172 ; gain = 0.000
close_sim
INFO: [Simtcl 6-16] Simulation closed
launch_simulation
INFO: [Vivado 12-4795] Using compiled simulation libraries for IPs
INFO: [SIM-utils-51] Simulation object is 'sim_1'
INFO: [USF-XSim-7] Finding pre-compiled libraries...
INFO: [USF-XSim-11] File 'C:/Xilinx/Vivado/2017.2/data/xsim/ip/xsim_ip.ini' copied to run dir:'D:/XLINIX Projects/GP/CSE320-Project-Files/teamproject/teamproject.sim/sim_1/behav'
INFO: [SIM-utils-54] Inspecting design source files for 'timer_tb' in fileset 'sim_1'...
INFO: [USF-XSim-97] Finding global include files...
INFO: [USF-XSim-98] Fetching design files from 'sim_1'...
INFO: [USF-XSim-2] XSim::Compile design
INFO: [USF-XSim-61] Executing 'COMPILE and ANALYZE' step in 'D:/XLINIX Projects/GP/CSE320-Project-Files/teamproject/teamproject.sim/sim_1/behav'
"xvlog -m64 --relax -L xil_defaultlib -prj timer_tb_vlog.prj"
INFO: [VRFC 10-2263] Analyzing SystemVerilog file "D:/XLINIX Projects/GP/CSE320-Project-Files/source files/scaledclock.sv" into library xil_defaultlib
INFO: [VRFC 10-311] analyzing module scaledclock
INFO: [VRFC 10-2263] Analyzing SystemVerilog file "D:/XLINIX Projects/GP/CSE320-Project-Files/source files/timer_tb.sv" into library xil_defaultlib
INFO: [VRFC 10-311] analyzing module timer_tb
WARNING: [VRFC 10-2495] decimal constant 1000000000000 is too large, using -727379968 (i.e limiting to 32 bits) instead [D:/XLINIX Projects/GP/CSE320-Project-Files/source files/timer_tb.sv:38]
INFO: [VRFC 10-2263] Analyzing Verilog file "D:/XLINIX Projects/GP/CSE320-Project-Files/teamproject/teamproject.sim/sim_1/behav/glbl.v" into library xil_defaultlib
INFO: [VRFC 10-311] analyzing module glbl
INFO: [USF-XSim-69] 'compile' step finished in '1' seconds
INFO: [USF-XSim-3] XSim::Elaborate design
INFO: [USF-XSim-61] Executing 'ELABORATE' step in 'D:/XLINIX Projects/GP/CSE320-Project-Files/teamproject/teamproject.sim/sim_1/behav'
Vivado Simulator 2017.2
Copyright 1986-1999, 2001-2016 Xilinx, Inc. All Rights Reserved.
Running: C:/Xilinx/Vivado/2017.2/bin/unwrapped/win64.o/xelab.exe -wto 5f86e1724f6e4426ada18119972713cb --debug typical --relax --mt 2 -L xil_defaultlib -L unisims_ver -L unimacro_ver -L secureip -L xpm --snapshot timer_tb_behav xil_defaultlib.timer_tb xil_defaultlib.glbl -log elaborate.log 
Using 2 slave threads.
Starting static elaboration
Completed static elaboration
Starting simulation data flow analysis
Completed simulation data flow analysis
Time Resolution for simulation is 1ps
Compiling module xil_defaultlib.scaledclock
Compiling module xil_defaultlib.timer_tb
WARNING: [XSIM 43-3368] "D:/XLINIX Projects/GP/CSE320-Project-Files/source files/timer_tb.sv" Line 38. Negative delay (-727379968000.000000) treated as 0.
Compiling module xil_defaultlib.glbl
Built simulation snapshot timer_tb_behav

****** Webtalk v2017.2 (64-bit)
  **** SW Build 1909853 on Thu Jun 15 18:39:09 MDT 2017
  **** IP Build 1909766 on Thu Jun 15 19:58:00 MDT 2017
    ** Copyright 1986-2017 Xilinx, Inc. All Rights Reserved.

source D:/XLINIX -notrace
invalid command name "%"
    while executing
"% Total    % Received % Xferd  Average Speed   Time    Time     Time  Current"
    (file "D:/XLINIX" line 1)
INFO: [Common 17-206] Exiting Webtalk at Wed Nov 29 10:45:00 2017...
run_program: Time (s): cpu = 00:00:01 ; elapsed = 00:00:07 . Memory (MB): peak = 978.551 ; gain = 0.000
INFO: [USF-XSim-69] 'elaborate' step finished in '6' seconds
INFO: [USF-XSim-4] XSim::Simulate design
INFO: [USF-XSim-61] Executing 'SIMULATE' step in 'D:/XLINIX Projects/GP/CSE320-Project-Files/teamproject/teamproject.sim/sim_1/behav'
INFO: [USF-XSim-98] *** Running xsim
   with args "timer_tb_behav -key {Behavioral:sim_1:Functional:timer_tb} -tclbatch {timer_tb.tcl} -log {simulate.log}"
INFO: [USF-XSim-8] Loading simulator feature
Vivado Simulator 2017.2
Time resolution is 1 ps
source timer_tb.tcl
# set curr_wave [current_wave_config]
# if { [string length $curr_wave] == 0 } {
#   if { [llength [get_objects]] > 0} {
#     add_wave /
#     set_property needs_save false [current_wave_config]
#   } else {
#      send_msg_id Add_Wave-1 WARNING "No top level signals found. Simulator will start without a wave window. If you want to open a wave window go to 'File->New Waveform Configuration' or type 'create_wave_config' in the TCL console."
#   }
# }
# run 5s
$finish called at time : 100 ns : File "D:/XLINIX Projects/GP/CSE320-Project-Files/source files/timer_tb.sv" Line 40
INFO: [USF-XSim-96] XSim completed. Design snapshot 'timer_tb_behav' loaded.
INFO: [USF-XSim-97] XSim simulation ran for 5s
launch_simulation: Time (s): cpu = 00:00:04 ; elapsed = 00:00:10 . Memory (MB): peak = 978.551 ; gain = 0.000
