#-----------------------------------------------------------
# Vivado v2017.2 (64-bit)
# SW Build 1909853 on Thu Jun 15 18:39:09 MDT 2017
# IP Build 1909766 on Thu Jun 15 19:58:00 MDT 2017
# Start of session at: Fri Dec  1 11:26:17 2017
# Process ID: 8960
# Current directory: D:/XLINIX Projects/GP/better group project/CSE320-Project-Files/teamproject
# Command line: vivado.exe -gui_launcher_event rodinguilauncherevent9960 D:\XLINIX Projects\GP\better group project\CSE320-Project-Files\teamproject\teamproject.xpr
# Log file: D:/XLINIX Projects/GP/better group project/CSE320-Project-Files/teamproject/vivado.log
# Journal file: D:/XLINIX Projects/GP/better group project/CSE320-Project-Files/teamproject\vivado.jou
#-----------------------------------------------------------
start_gui
open_project {D:/XLINIX Projects/GP/better group project/CSE320-Project-Files/teamproject/teamproject.xpr}
Scanning sources...
Finished scanning sources
INFO: [IP_Flow 19-234] Refreshing IP repositories
INFO: [IP_Flow 19-1704] No user IP repositories specified
INFO: [IP_Flow 19-2313] Loaded Vivado IP repository 'C:/Xilinx/Vivado/2017.2/data/ip'.
update_compile_order -fileset sources_1
INFO: [Device 21-403] Loading part xc7a100tcsg324-1
WARNING: [IP_Flow 19-4067] Ignoring invalid widget type specified checkbox.Providing a default widget
WARNING: [IP_Flow 19-4067] Ignoring invalid widget type specified checkbox.Providing a default widget
create_ip -name blk_mem_gen -vendor xilinx.com -library ip -version 8.3 -module_name blk_mem_gen_0 -dir {d:/XLINIX Projects/GP/better group project/CSE320-Project-Files/teamproject/teamproject.srcs/sources_1/ip}
set_property -dict [list CONFIG.Write_Depth_A {62500} CONFIG.Operating_Mode_A {READ_FIRST}] [get_ips blk_mem_gen_0]
generate_target {instantiation_template} [get_files {{d:/XLINIX Projects/GP/better group project/CSE320-Project-Files/teamproject/teamproject.srcs/sources_1/ip/blk_mem_gen_0_1/blk_mem_gen_0.xci}}]
INFO: [IP_Flow 19-1686] Generating 'Instantiation Template' target for IP 'blk_mem_gen_0'...
generate_target all [get_files  {{d:/XLINIX Projects/GP/better group project/CSE320-Project-Files/teamproject/teamproject.srcs/sources_1/ip/blk_mem_gen_0_1/blk_mem_gen_0.xci}}]
INFO: [IP_Flow 19-1686] Generating 'Synthesis' target for IP 'blk_mem_gen_0'...
INFO: [IP_Flow 19-1686] Generating 'Simulation' target for IP 'blk_mem_gen_0'...
INFO: [IP_Flow 19-1686] Generating 'Miscellaneous' target for IP 'blk_mem_gen_0'...
INFO: [IP_Flow 19-1686] Generating 'Change Log' target for IP 'blk_mem_gen_0'...
catch { config_ip_cache -export [get_ips -all blk_mem_gen_0] }
INFO: [IP_Flow 19-4993] Using cached IP synthesis design for IP blk_mem_gen_0, cache-ID = 34ef6d86e1e1a461; cache size = 1.366 MB.
export_ip_user_files -of_objects [get_files {{d:/XLINIX Projects/GP/better group project/CSE320-Project-Files/teamproject/teamproject.srcs/sources_1/ip/blk_mem_gen_0_1/blk_mem_gen_0.xci}}] -no_script -sync -force -quiet
create_ip_run [get_files -of_objects [get_fileset sources_1] {{d:/XLINIX Projects/GP/better group project/CSE320-Project-Files/teamproject/teamproject.srcs/sources_1/ip/blk_mem_gen_0_1/blk_mem_gen_0.xci}}]
INFO: [Vivado 12-3453] The given sub-design is up-to-date, no action was taken.  If a run is still desired, use the '-force' option for the file:'d:/XLINIX Projects/GP/better group project/CSE320-Project-Files/teamproject/teamproject.srcs/sources_1/ip/blk_mem_gen_0_1/blk_mem_gen_0.xci'
update_compile_order -fileset sources_1
add_files -norecurse {{D:/XLINIX Projects/GP/better group project/CSE320-Project-Files/source files/synchtb.sv}}
update_compile_order -fileset sources_1
exit
INFO: [Common 17-206] Exiting Vivado at Fri Dec  1 11:31:37 2017...
