#-----------------------------------------------------------
# Vivado v2017.2 (64-bit)
# SW Build 1909853 on Thu Jun 15 18:39:09 MDT 2017
# IP Build 1909766 on Thu Jun 15 19:58:00 MDT 2017
# Start of session at: Fri Dec  1 10:18:49 2017
# Process ID: 13392
# Current directory: D:/XLINIX Projects/GP/better group project/CSE320-Project-Files/teamproject
# Command line: vivado.exe -gui_launcher_event rodinguilauncherevent6000 D:\XLINIX Projects\GP\better group project\CSE320-Project-Files\teamproject\teamproject.xpr
# Log file: D:/XLINIX Projects/GP/better group project/CSE320-Project-Files/teamproject/vivado.log
# Journal file: D:/XLINIX Projects/GP/better group project/CSE320-Project-Files/teamproject\vivado.jou
#-----------------------------------------------------------
start_gui
open_project {D:/XLINIX Projects/GP/better group project/CSE320-Project-Files/teamproject/teamproject.xpr}
INFO: [Project 1-313] Project file moved from 'C:/Users/Jesse/Desktop/CSE320-Project-Files/teamproject' since last save.
Scanning sources...
Finished scanning sources
INFO: [IP_Flow 19-234] Refreshing IP repositories
INFO: [IP_Flow 19-1704] No user IP repositories specified
INFO: [IP_Flow 19-2313] Loaded Vivado IP repository 'C:/Xilinx/Vivado/2017.2/data/ip'.
update_compile_order -fileset sources_1
set_property top topmod_tb [get_filesets sim_1]
set_property top_lib xil_defaultlib [get_filesets sim_1]
update_compile_order -fileset sim_1
launch_simulation
INFO: [Vivado 12-4795] Using compiled simulation libraries for IPs
INFO: [SIM-utils-51] Simulation object is 'sim_1'
INFO: [USF-XSim-7] Finding pre-compiled libraries...
INFO: [USF-XSim-11] File 'C:/Xilinx/Vivado/2017.2/data/xsim/ip/xsim_ip.ini' copied to run dir:'D:/XLINIX Projects/GP/better group project/CSE320-Project-Files/teamproject/teamproject.sim/sim_1/behav'
INFO: [SIM-utils-54] Inspecting design source files for 'topmod_tb' in fileset 'sim_1'...
INFO: [USF-XSim-97] Finding global include files...
INFO: [USF-XSim-98] Fetching design files from 'sim_1'...
INFO: [USF-XSim-2] XSim::Compile design
INFO: [USF-XSim-61] Executing 'COMPILE and ANALYZE' step in 'D:/XLINIX Projects/GP/better group project/CSE320-Project-Files/teamproject/teamproject.sim/sim_1/behav'
"xvlog -m64 --relax -L xil_defaultlib -prj topmod_tb_vlog.prj"
INFO: [VRFC 10-2263] Analyzing Verilog file "D:/XLINIX Projects/GP/better group project/CSE320-Project-Files/teamproject/teamproject.srcs/sources_1/ip/blk_mem_gen_0/sim/blk_mem_gen_0.v" into library xil_defaultlib
INFO: [VRFC 10-311] analyzing module blk_mem_gen_0
INFO: [VRFC 10-2263] Analyzing SystemVerilog file "D:/XLINIX Projects/GP/better group project/CSE320-Project-Files/source files/Address_Creator.sv" into library xil_defaultlib
INFO: [VRFC 10-311] analyzing module Address_creator
INFO: [VRFC 10-2263] Analyzing SystemVerilog file "D:/XLINIX Projects/GP/better group project/CSE320-Project-Files/source files/Controller.sv" into library xil_defaultlib
INFO: [VRFC 10-311] analyzing module Controller
INFO: [VRFC 10-2263] Analyzing SystemVerilog file "D:/XLINIX Projects/GP/better group project/CSE320-Project-Files/source files/Deserializer.sv" into library xil_defaultlib
INFO: [VRFC 10-311] analyzing module Deserializer
INFO: [VRFC 10-2263] Analyzing SystemVerilog file "D:/XLINIX Projects/GP/better group project/CSE320-Project-Files/source files/MemInterpreter.sv" into library xil_defaultlib
INFO: [VRFC 10-311] analyzing module MemInterpreter
WARNING: [VRFC 10-526] concatenation with unsized literal; will interpret as 32 bits [D:/XLINIX Projects/GP/better group project/CSE320-Project-Files/source files/MemInterpreter.sv:41]
INFO: [VRFC 10-2263] Analyzing SystemVerilog file "D:/XLINIX Projects/GP/better group project/CSE320-Project-Files/source files/Segment_LED_Interface.sv" into library xil_defaultlib
INFO: [VRFC 10-311] analyzing module Segment_LED_Interface
INFO: [VRFC 10-2263] Analyzing SystemVerilog file "D:/XLINIX Projects/GP/better group project/CSE320-Project-Files/source files/Serializer.sv" into library xil_defaultlib
INFO: [VRFC 10-311] analyzing module Serializer
INFO: [VRFC 10-2263] Analyzing SystemVerilog file "D:/XLINIX Projects/GP/better group project/CSE320-Project-Files/source files/Timer.sv" into library xil_defaultlib
INFO: [VRFC 10-311] analyzing module timer
INFO: [VRFC 10-2263] Analyzing SystemVerilog file "D:/XLINIX Projects/GP/better group project/CSE320-Project-Files/source files/TopModule.sv" into library xil_defaultlib
INFO: [VRFC 10-311] analyzing module TopModule
INFO: [VRFC 10-2263] Analyzing SystemVerilog file "D:/XLINIX Projects/GP/better group project/CSE320-Project-Files/source files/scaledclock.sv" into library xil_defaultlib
INFO: [VRFC 10-311] analyzing module scaledclock
INFO: [VRFC 10-2263] Analyzing SystemVerilog file "D:/XLINIX Projects/GP/better group project/CSE320-Project-Files/source files/synchronizer.sv" into library xil_defaultlib
INFO: [VRFC 10-311] analyzing module synchronizer
INFO: [VRFC 10-2263] Analyzing SystemVerilog file "D:/XLINIX Projects/GP/better group project/CSE320-Project-Files/source files/twoinputmux.sv" into library xil_defaultlib
INFO: [VRFC 10-311] analyzing module twoinputmux
INFO: [VRFC 10-2263] Analyzing SystemVerilog file "D:/XLINIX Projects/GP/better group project/CSE320-Project-Files/source files/topmod_tb.sv" into library xil_defaultlib
INFO: [VRFC 10-311] analyzing module topmod_tb
INFO: [VRFC 10-2263] Analyzing Verilog file "D:/XLINIX Projects/GP/better group project/CSE320-Project-Files/teamproject/teamproject.sim/sim_1/behav/glbl.v" into library xil_defaultlib
INFO: [VRFC 10-311] analyzing module glbl
INFO: [USF-XSim-69] 'compile' step finished in '1' seconds
INFO: [USF-XSim-3] XSim::Elaborate design
INFO: [USF-XSim-61] Executing 'ELABORATE' step in 'D:/XLINIX Projects/GP/better group project/CSE320-Project-Files/teamproject/teamproject.sim/sim_1/behav'
Vivado Simulator 2017.2
Copyright 1986-1999, 2001-2016 Xilinx, Inc. All Rights Reserved.
Running: C:/Xilinx/Vivado/2017.2/bin/unwrapped/win64.o/xelab.exe -wto 0d4ac315e9d64b94aa27c77883a1b460 --debug typical --relax --mt 2 -L blk_mem_gen_v8_3_6 -L xil_defaultlib -L unisims_ver -L unimacro_ver -L secureip -L xpm --snapshot topmod_tb_behav xil_defaultlib.topmod_tb xil_defaultlib.glbl -log elaborate.log 
Using 2 slave threads.
Starting static elaboration
WARNING: [VRFC 10-1783] select index 30 into current_contents is out of bounds [/wrk/2017.2/nightly/2017_06_15_1909853/packages/customer/vivado/data/ip/xilinx/blk_mem_gen_v8_3/simulation/blk_mem_gen_v8_3.v:2419]
WARNING: [VRFC 10-1783] select index 62 into current_contents is out of bounds [/wrk/2017.2/nightly/2017_06_15_1909853/packages/customer/vivado/data/ip/xilinx/blk_mem_gen_v8_3/simulation/blk_mem_gen_v8_3.v:2420]
Completed static elaboration
Starting simulation data flow analysis
WARNING: [XSIM 43-4099] "D:/XLINIX Projects/GP/better group project/CSE320-Project-Files/source files/Controller.sv" Line 5. Module Controller doesn't have a timescale but at least one module in design has a timescale.
WARNING: [XSIM 43-4099] "D:/XLINIX Projects/GP/better group project/CSE320-Project-Files/source files/Timer.sv" Line 4. Module timer doesn't have a timescale but at least one module in design has a timescale.
WARNING: [XSIM 43-4099] "D:/XLINIX Projects/GP/better group project/CSE320-Project-Files/source files/Address_Creator.sv" Line 5. Module Address_creator doesn't have a timescale but at least one module in design has a timescale.
Completed simulation data flow analysis
Time Resolution for simulation is 1ps
Compiling module xil_defaultlib.synchronizer
Compiling module xil_defaultlib.Controller
Compiling module xil_defaultlib.Segment_LED_Interface
Compiling module xil_defaultlib.timer
Compiling module xil_defaultlib.scaledclock
Compiling module xil_defaultlib.Deserializer
Compiling module xil_defaultlib.Serializer
Compiling module xil_defaultlib.Address_creator
Compiling module xil_defaultlib.MemInterpreter
Compiling module blk_mem_gen_v8_3_6.blk_mem_gen_v8_3_6_output_stage(...
Compiling module blk_mem_gen_v8_3_6.blk_mem_gen_v8_3_6_output_stage(...
Compiling module blk_mem_gen_v8_3_6.blk_mem_gen_v8_3_6_softecc_outpu...
Compiling module blk_mem_gen_v8_3_6.blk_mem_gen_v8_3_6_mem_module(C_...
Compiling module blk_mem_gen_v8_3_6.blk_mem_gen_v8_3_6(C_FAMILY="art...
Compiling module xil_defaultlib.blk_mem_gen_0
Compiling module xil_defaultlib.twoinputmux
Compiling module xil_defaultlib.TopModule
Compiling module xil_defaultlib.topmod_tb
Compiling module xil_defaultlib.glbl
Built simulation snapshot topmod_tb_behav

****** Webtalk v2017.2 (64-bit)
  **** SW Build 1909853 on Thu Jun 15 18:39:09 MDT 2017
  **** IP Build 1909766 on Thu Jun 15 19:58:00 MDT 2017
    ** Copyright 1986-2017 Xilinx, Inc. All Rights Reserved.

source D:/XLINIX -notrace
invalid command name "%"
    while executing
"% Total    % Received % Xferd  Average Speed   Time    Time     Time  Current"
    (file "D:/XLINIX" line 1)
INFO: [Common 17-206] Exiting Webtalk at Fri Dec  1 10:21:12 2017...
run_program: Time (s): cpu = 00:00:02 ; elapsed = 00:00:05 . Memory (MB): peak = 908.387 ; gain = 0.000
INFO: [USF-XSim-69] 'elaborate' step finished in '6' seconds
INFO: [USF-XSim-4] XSim::Simulate design
INFO: [USF-XSim-61] Executing 'SIMULATE' step in 'D:/XLINIX Projects/GP/better group project/CSE320-Project-Files/teamproject/teamproject.sim/sim_1/behav'
INFO: [USF-XSim-98] *** Running xsim
   with args "topmod_tb_behav -key {Behavioral:sim_1:Functional:topmod_tb} -tclbatch {topmod_tb.tcl} -log {simulate.log}"
INFO: [USF-XSim-8] Loading simulator feature
Vivado Simulator 2017.2
Time resolution is 1 ps
source topmod_tb.tcl
# set curr_wave [current_wave_config]
# if { [string length $curr_wave] == 0 } {
#   if { [llength [get_objects]] > 0} {
#     add_wave /
#     set_property needs_save false [current_wave_config]
#   } else {
#      send_msg_id Add_Wave-1 WARNING "No top level signals found. Simulator will start without a wave window. If you want to open a wave window go to 'File->New Waveform Configuration' or type 'create_wave_config' in the TCL console."
#   }
# }
# run 1000ns
Block Memory Generator module topmod_tb.TopMod.MEM1.inst.native_mem_module.blk_mem_gen_v8_3_6_inst is using a behavioral model for simulation which will not precisely model memory collision behavior.
Block Memory Generator module topmod_tb.TopMod.MEME2.inst.native_mem_module.blk_mem_gen_v8_3_6_inst is using a behavioral model for simulation which will not precisely model memory collision behavior.
$finish called at time : 100 ns : File "D:/XLINIX Projects/GP/better group project/CSE320-Project-Files/source files/topmod_tb.sv" Line 68
INFO: [USF-XSim-96] XSim completed. Design snapshot 'topmod_tb_behav' loaded.
INFO: [USF-XSim-97] XSim simulation ran for 1000ns
launch_simulation: Time (s): cpu = 00:00:07 ; elapsed = 00:00:11 . Memory (MB): peak = 908.387 ; gain = 0.000
close_sim
INFO: [Simtcl 6-16] Simulation closed
launch_simulation
INFO: [Vivado 12-4795] Using compiled simulation libraries for IPs
INFO: [SIM-utils-51] Simulation object is 'sim_1'
INFO: [USF-XSim-7] Finding pre-compiled libraries...
INFO: [USF-XSim-11] File 'C:/Xilinx/Vivado/2017.2/data/xsim/ip/xsim_ip.ini' copied to run dir:'D:/XLINIX Projects/GP/better group project/CSE320-Project-Files/teamproject/teamproject.sim/sim_1/behav'
INFO: [SIM-utils-54] Inspecting design source files for 'topmod_tb' in fileset 'sim_1'...
INFO: [USF-XSim-97] Finding global include files...
INFO: [USF-XSim-98] Fetching design files from 'sim_1'...
INFO: [USF-XSim-2] XSim::Compile design
INFO: [USF-XSim-61] Executing 'COMPILE and ANALYZE' step in 'D:/XLINIX Projects/GP/better group project/CSE320-Project-Files/teamproject/teamproject.sim/sim_1/behav'
"xvlog -m64 --relax -L xil_defaultlib -prj topmod_tb_vlog.prj"
INFO: [VRFC 10-2263] Analyzing Verilog file "D:/XLINIX Projects/GP/better group project/CSE320-Project-Files/teamproject/teamproject.srcs/sources_1/ip/blk_mem_gen_0/sim/blk_mem_gen_0.v" into library xil_defaultlib
INFO: [VRFC 10-311] analyzing module blk_mem_gen_0
INFO: [VRFC 10-2263] Analyzing SystemVerilog file "D:/XLINIX Projects/GP/better group project/CSE320-Project-Files/source files/Address_Creator.sv" into library xil_defaultlib
INFO: [VRFC 10-311] analyzing module Address_creator
INFO: [VRFC 10-2263] Analyzing SystemVerilog file "D:/XLINIX Projects/GP/better group project/CSE320-Project-Files/source files/Controller.sv" into library xil_defaultlib
INFO: [VRFC 10-311] analyzing module Controller
INFO: [VRFC 10-2263] Analyzing SystemVerilog file "D:/XLINIX Projects/GP/better group project/CSE320-Project-Files/source files/Deserializer.sv" into library xil_defaultlib
INFO: [VRFC 10-311] analyzing module Deserializer
INFO: [VRFC 10-2263] Analyzing SystemVerilog file "D:/XLINIX Projects/GP/better group project/CSE320-Project-Files/source files/MemInterpreter.sv" into library xil_defaultlib
INFO: [VRFC 10-311] analyzing module MemInterpreter
WARNING: [VRFC 10-526] concatenation with unsized literal; will interpret as 32 bits [D:/XLINIX Projects/GP/better group project/CSE320-Project-Files/source files/MemInterpreter.sv:41]
INFO: [VRFC 10-2263] Analyzing SystemVerilog file "D:/XLINIX Projects/GP/better group project/CSE320-Project-Files/source files/Segment_LED_Interface.sv" into library xil_defaultlib
INFO: [VRFC 10-311] analyzing module Segment_LED_Interface
INFO: [VRFC 10-2263] Analyzing SystemVerilog file "D:/XLINIX Projects/GP/better group project/CSE320-Project-Files/source files/Serializer.sv" into library xil_defaultlib
INFO: [VRFC 10-311] analyzing module Serializer
INFO: [VRFC 10-2263] Analyzing SystemVerilog file "D:/XLINIX Projects/GP/better group project/CSE320-Project-Files/source files/Timer.sv" into library xil_defaultlib
INFO: [VRFC 10-311] analyzing module timer
INFO: [VRFC 10-2263] Analyzing SystemVerilog file "D:/XLINIX Projects/GP/better group project/CSE320-Project-Files/source files/TopModule.sv" into library xil_defaultlib
INFO: [VRFC 10-311] analyzing module TopModule
INFO: [VRFC 10-2263] Analyzing SystemVerilog file "D:/XLINIX Projects/GP/better group project/CSE320-Project-Files/source files/scaledclock.sv" into library xil_defaultlib
INFO: [VRFC 10-311] analyzing module scaledclock
INFO: [VRFC 10-2263] Analyzing SystemVerilog file "D:/XLINIX Projects/GP/better group project/CSE320-Project-Files/source files/synchronizer.sv" into library xil_defaultlib
INFO: [VRFC 10-311] analyzing module synchronizer
INFO: [VRFC 10-2263] Analyzing SystemVerilog file "D:/XLINIX Projects/GP/better group project/CSE320-Project-Files/source files/twoinputmux.sv" into library xil_defaultlib
INFO: [VRFC 10-311] analyzing module twoinputmux
INFO: [VRFC 10-2263] Analyzing SystemVerilog file "D:/XLINIX Projects/GP/better group project/CSE320-Project-Files/source files/topmod_tb.sv" into library xil_defaultlib
INFO: [VRFC 10-311] analyzing module topmod_tb
INFO: [VRFC 10-2263] Analyzing Verilog file "D:/XLINIX Projects/GP/better group project/CSE320-Project-Files/teamproject/teamproject.sim/sim_1/behav/glbl.v" into library xil_defaultlib
INFO: [VRFC 10-311] analyzing module glbl
INFO: [USF-XSim-69] 'compile' step finished in '1' seconds
INFO: [USF-XSim-3] XSim::Elaborate design
INFO: [USF-XSim-61] Executing 'ELABORATE' step in 'D:/XLINIX Projects/GP/better group project/CSE320-Project-Files/teamproject/teamproject.sim/sim_1/behav'
Vivado Simulator 2017.2
Copyright 1986-1999, 2001-2016 Xilinx, Inc. All Rights Reserved.
Running: C:/Xilinx/Vivado/2017.2/bin/unwrapped/win64.o/xelab.exe -wto 0d4ac315e9d64b94aa27c77883a1b460 --debug typical --relax --mt 2 -L blk_mem_gen_v8_3_6 -L xil_defaultlib -L unisims_ver -L unimacro_ver -L secureip -L xpm --snapshot topmod_tb_behav xil_defaultlib.topmod_tb xil_defaultlib.glbl -log elaborate.log 
Using 2 slave threads.
Starting static elaboration
WARNING: [VRFC 10-1783] select index 30 into current_contents is out of bounds [/wrk/2017.2/nightly/2017_06_15_1909853/packages/customer/vivado/data/ip/xilinx/blk_mem_gen_v8_3/simulation/blk_mem_gen_v8_3.v:2419]
WARNING: [VRFC 10-1783] select index 62 into current_contents is out of bounds [/wrk/2017.2/nightly/2017_06_15_1909853/packages/customer/vivado/data/ip/xilinx/blk_mem_gen_v8_3/simulation/blk_mem_gen_v8_3.v:2420]
Completed static elaboration
Starting simulation data flow analysis
WARNING: [XSIM 43-4099] "D:/XLINIX Projects/GP/better group project/CSE320-Project-Files/source files/Controller.sv" Line 5. Module Controller doesn't have a timescale but at least one module in design has a timescale.
WARNING: [XSIM 43-4099] "D:/XLINIX Projects/GP/better group project/CSE320-Project-Files/source files/Timer.sv" Line 4. Module timer doesn't have a timescale but at least one module in design has a timescale.
WARNING: [XSIM 43-4099] "D:/XLINIX Projects/GP/better group project/CSE320-Project-Files/source files/Address_Creator.sv" Line 5. Module Address_creator doesn't have a timescale but at least one module in design has a timescale.
Completed simulation data flow analysis
Time Resolution for simulation is 1ps
Compiling module xil_defaultlib.synchronizer
Compiling module xil_defaultlib.Controller
Compiling module xil_defaultlib.Segment_LED_Interface
Compiling module xil_defaultlib.timer
Compiling module xil_defaultlib.scaledclock
Compiling module xil_defaultlib.Deserializer
Compiling module xil_defaultlib.Serializer
Compiling module xil_defaultlib.Address_creator
Compiling module xil_defaultlib.MemInterpreter
Compiling module blk_mem_gen_v8_3_6.blk_mem_gen_v8_3_6_output_stage(...
Compiling module blk_mem_gen_v8_3_6.blk_mem_gen_v8_3_6_output_stage(...
Compiling module blk_mem_gen_v8_3_6.blk_mem_gen_v8_3_6_softecc_outpu...
Compiling module blk_mem_gen_v8_3_6.blk_mem_gen_v8_3_6_mem_module(C_...
Compiling module blk_mem_gen_v8_3_6.blk_mem_gen_v8_3_6(C_FAMILY="art...
Compiling module xil_defaultlib.blk_mem_gen_0
Compiling module xil_defaultlib.twoinputmux
Compiling module xil_defaultlib.TopModule
Compiling module xil_defaultlib.topmod_tb
Compiling module xil_defaultlib.glbl
Built simulation snapshot topmod_tb_behav

****** Webtalk v2017.2 (64-bit)
  **** SW Build 1909853 on Thu Jun 15 18:39:09 MDT 2017
  **** IP Build 1909766 on Thu Jun 15 19:58:00 MDT 2017
    ** Copyright 1986-2017 Xilinx, Inc. All Rights Reserved.

source D:/XLINIX -notrace
invalid command name "%"
    while executing
"% Total    % Received % Xferd  Average Speed   Time    Time     Time  Current"
    (file "D:/XLINIX" line 1)
INFO: [Common 17-206] Exiting Webtalk at Fri Dec  1 10:23:20 2017...
run_program: Time (s): cpu = 00:00:00 ; elapsed = 00:00:07 . Memory (MB): peak = 908.387 ; gain = 0.000
INFO: [USF-XSim-69] 'elaborate' step finished in '7' seconds
INFO: [USF-XSim-4] XSim::Simulate design
INFO: [USF-XSim-61] Executing 'SIMULATE' step in 'D:/XLINIX Projects/GP/better group project/CSE320-Project-Files/teamproject/teamproject.sim/sim_1/behav'
INFO: [USF-XSim-98] *** Running xsim
   with args "topmod_tb_behav -key {Behavioral:sim_1:Functional:topmod_tb} -tclbatch {topmod_tb.tcl} -log {simulate.log}"
INFO: [USF-XSim-8] Loading simulator feature
Vivado Simulator 2017.2
Time resolution is 1 ps
source topmod_tb.tcl
# set curr_wave [current_wave_config]
# if { [string length $curr_wave] == 0 } {
#   if { [llength [get_objects]] > 0} {
#     add_wave /
#     set_property needs_save false [current_wave_config]
#   } else {
#      send_msg_id Add_Wave-1 WARNING "No top level signals found. Simulator will start without a wave window. If you want to open a wave window go to 'File->New Waveform Configuration' or type 'create_wave_config' in the TCL console."
#   }
# }
# run 1000ns
Block Memory Generator module topmod_tb.TopMod.MEM1.inst.native_mem_module.blk_mem_gen_v8_3_6_inst is using a behavioral model for simulation which will not precisely model memory collision behavior.
Block Memory Generator module topmod_tb.TopMod.MEME2.inst.native_mem_module.blk_mem_gen_v8_3_6_inst is using a behavioral model for simulation which will not precisely model memory collision behavior.
$finish called at time : 130 ns : File "D:/XLINIX Projects/GP/better group project/CSE320-Project-Files/source files/topmod_tb.sv" Line 77
INFO: [USF-XSim-96] XSim completed. Design snapshot 'topmod_tb_behav' loaded.
INFO: [USF-XSim-97] XSim simulation ran for 1000ns
launch_simulation: Time (s): cpu = 00:00:05 ; elapsed = 00:00:11 . Memory (MB): peak = 908.387 ; gain = 0.000
close_sim
INFO: [Simtcl 6-16] Simulation closed
launch_simulation
INFO: [Vivado 12-4795] Using compiled simulation libraries for IPs
INFO: [SIM-utils-51] Simulation object is 'sim_1'
INFO: [USF-XSim-7] Finding pre-compiled libraries...
INFO: [USF-XSim-11] File 'C:/Xilinx/Vivado/2017.2/data/xsim/ip/xsim_ip.ini' copied to run dir:'D:/XLINIX Projects/GP/better group project/CSE320-Project-Files/teamproject/teamproject.sim/sim_1/behav'
INFO: [SIM-utils-54] Inspecting design source files for 'topmod_tb' in fileset 'sim_1'...
INFO: [USF-XSim-97] Finding global include files...
INFO: [USF-XSim-98] Fetching design files from 'sim_1'...
INFO: [USF-XSim-2] XSim::Compile design
INFO: [USF-XSim-61] Executing 'COMPILE and ANALYZE' step in 'D:/XLINIX Projects/GP/better group project/CSE320-Project-Files/teamproject/teamproject.sim/sim_1/behav'
"xvlog -m64 --relax -L xil_defaultlib -prj topmod_tb_vlog.prj"
INFO: [VRFC 10-2263] Analyzing Verilog file "D:/XLINIX Projects/GP/better group project/CSE320-Project-Files/teamproject/teamproject.srcs/sources_1/ip/blk_mem_gen_0/sim/blk_mem_gen_0.v" into library xil_defaultlib
INFO: [VRFC 10-311] analyzing module blk_mem_gen_0
INFO: [VRFC 10-2263] Analyzing SystemVerilog file "D:/XLINIX Projects/GP/better group project/CSE320-Project-Files/source files/Address_Creator.sv" into library xil_defaultlib
INFO: [VRFC 10-311] analyzing module Address_creator
INFO: [VRFC 10-2263] Analyzing SystemVerilog file "D:/XLINIX Projects/GP/better group project/CSE320-Project-Files/source files/Controller.sv" into library xil_defaultlib
INFO: [VRFC 10-311] analyzing module Controller
INFO: [VRFC 10-2263] Analyzing SystemVerilog file "D:/XLINIX Projects/GP/better group project/CSE320-Project-Files/source files/Deserializer.sv" into library xil_defaultlib
INFO: [VRFC 10-311] analyzing module Deserializer
INFO: [VRFC 10-2263] Analyzing SystemVerilog file "D:/XLINIX Projects/GP/better group project/CSE320-Project-Files/source files/MemInterpreter.sv" into library xil_defaultlib
INFO: [VRFC 10-311] analyzing module MemInterpreter
WARNING: [VRFC 10-526] concatenation with unsized literal; will interpret as 32 bits [D:/XLINIX Projects/GP/better group project/CSE320-Project-Files/source files/MemInterpreter.sv:41]
INFO: [VRFC 10-2263] Analyzing SystemVerilog file "D:/XLINIX Projects/GP/better group project/CSE320-Project-Files/source files/Segment_LED_Interface.sv" into library xil_defaultlib
INFO: [VRFC 10-311] analyzing module Segment_LED_Interface
INFO: [VRFC 10-2263] Analyzing SystemVerilog file "D:/XLINIX Projects/GP/better group project/CSE320-Project-Files/source files/Serializer.sv" into library xil_defaultlib
INFO: [VRFC 10-311] analyzing module Serializer
INFO: [VRFC 10-2263] Analyzing SystemVerilog file "D:/XLINIX Projects/GP/better group project/CSE320-Project-Files/source files/Timer.sv" into library xil_defaultlib
INFO: [VRFC 10-311] analyzing module timer
INFO: [VRFC 10-2263] Analyzing SystemVerilog file "D:/XLINIX Projects/GP/better group project/CSE320-Project-Files/source files/TopModule.sv" into library xil_defaultlib
INFO: [VRFC 10-311] analyzing module TopModule
INFO: [VRFC 10-2263] Analyzing SystemVerilog file "D:/XLINIX Projects/GP/better group project/CSE320-Project-Files/source files/scaledclock.sv" into library xil_defaultlib
INFO: [VRFC 10-311] analyzing module scaledclock
INFO: [VRFC 10-2263] Analyzing SystemVerilog file "D:/XLINIX Projects/GP/better group project/CSE320-Project-Files/source files/synchronizer.sv" into library xil_defaultlib
INFO: [VRFC 10-311] analyzing module synchronizer
INFO: [VRFC 10-2263] Analyzing SystemVerilog file "D:/XLINIX Projects/GP/better group project/CSE320-Project-Files/source files/twoinputmux.sv" into library xil_defaultlib
INFO: [VRFC 10-311] analyzing module twoinputmux
INFO: [VRFC 10-2263] Analyzing SystemVerilog file "D:/XLINIX Projects/GP/better group project/CSE320-Project-Files/source files/topmod_tb.sv" into library xil_defaultlib
INFO: [VRFC 10-311] analyzing module topmod_tb
INFO: [VRFC 10-2263] Analyzing Verilog file "D:/XLINIX Projects/GP/better group project/CSE320-Project-Files/teamproject/teamproject.sim/sim_1/behav/glbl.v" into library xil_defaultlib
INFO: [VRFC 10-311] analyzing module glbl
INFO: [USF-XSim-69] 'compile' step finished in '2' seconds
INFO: [USF-XSim-3] XSim::Elaborate design
INFO: [USF-XSim-61] Executing 'ELABORATE' step in 'D:/XLINIX Projects/GP/better group project/CSE320-Project-Files/teamproject/teamproject.sim/sim_1/behav'
Vivado Simulator 2017.2
Copyright 1986-1999, 2001-2016 Xilinx, Inc. All Rights Reserved.
Running: C:/Xilinx/Vivado/2017.2/bin/unwrapped/win64.o/xelab.exe -wto 0d4ac315e9d64b94aa27c77883a1b460 --debug typical --relax --mt 2 -L blk_mem_gen_v8_3_6 -L xil_defaultlib -L unisims_ver -L unimacro_ver -L secureip -L xpm --snapshot topmod_tb_behav xil_defaultlib.topmod_tb xil_defaultlib.glbl -log elaborate.log 
Using 2 slave threads.
Starting static elaboration
WARNING: [VRFC 10-1783] select index 30 into current_contents is out of bounds [/wrk/2017.2/nightly/2017_06_15_1909853/packages/customer/vivado/data/ip/xilinx/blk_mem_gen_v8_3/simulation/blk_mem_gen_v8_3.v:2419]
WARNING: [VRFC 10-1783] select index 62 into current_contents is out of bounds [/wrk/2017.2/nightly/2017_06_15_1909853/packages/customer/vivado/data/ip/xilinx/blk_mem_gen_v8_3/simulation/blk_mem_gen_v8_3.v:2420]
Completed static elaboration
Starting simulation data flow analysis
WARNING: [XSIM 43-4099] "D:/XLINIX Projects/GP/better group project/CSE320-Project-Files/source files/Controller.sv" Line 5. Module Controller doesn't have a timescale but at least one module in design has a timescale.
WARNING: [XSIM 43-4099] "D:/XLINIX Projects/GP/better group project/CSE320-Project-Files/source files/Timer.sv" Line 4. Module timer doesn't have a timescale but at least one module in design has a timescale.
WARNING: [XSIM 43-4099] "D:/XLINIX Projects/GP/better group project/CSE320-Project-Files/source files/Address_Creator.sv" Line 5. Module Address_creator doesn't have a timescale but at least one module in design has a timescale.
Completed simulation data flow analysis
Time Resolution for simulation is 1ps
Compiling module xil_defaultlib.synchronizer
Compiling module xil_defaultlib.Controller
Compiling module xil_defaultlib.Segment_LED_Interface
Compiling module xil_defaultlib.timer
Compiling module xil_defaultlib.scaledclock
Compiling module xil_defaultlib.Deserializer
Compiling module xil_defaultlib.Serializer
Compiling module xil_defaultlib.Address_creator
Compiling module xil_defaultlib.MemInterpreter
Compiling module blk_mem_gen_v8_3_6.blk_mem_gen_v8_3_6_output_stage(...
Compiling module blk_mem_gen_v8_3_6.blk_mem_gen_v8_3_6_output_stage(...
Compiling module blk_mem_gen_v8_3_6.blk_mem_gen_v8_3_6_softecc_outpu...
Compiling module blk_mem_gen_v8_3_6.blk_mem_gen_v8_3_6_mem_module(C_...
Compiling module blk_mem_gen_v8_3_6.blk_mem_gen_v8_3_6(C_FAMILY="art...
Compiling module xil_defaultlib.blk_mem_gen_0
Compiling module xil_defaultlib.twoinputmux
Compiling module xil_defaultlib.TopModule
Compiling module xil_defaultlib.topmod_tb
Compiling module xil_defaultlib.glbl
Built simulation snapshot topmod_tb_behav

****** Webtalk v2017.2 (64-bit)
  **** SW Build 1909853 on Thu Jun 15 18:39:09 MDT 2017
  **** IP Build 1909766 on Thu Jun 15 19:58:00 MDT 2017
    ** Copyright 1986-2017 Xilinx, Inc. All Rights Reserved.

source D:/XLINIX -notrace
invalid command name "%"
    while executing
"% Total    % Received % Xferd  Average Speed   Time    Time     Time  Current"
    (file "D:/XLINIX" line 1)
INFO: [Common 17-206] Exiting Webtalk at Fri Dec  1 10:30:59 2017...
run_program: Time (s): cpu = 00:00:01 ; elapsed = 00:00:06 . Memory (MB): peak = 908.387 ; gain = 0.000
INFO: [USF-XSim-69] 'elaborate' step finished in '6' seconds
INFO: [USF-XSim-4] XSim::Simulate design
INFO: [USF-XSim-61] Executing 'SIMULATE' step in 'D:/XLINIX Projects/GP/better group project/CSE320-Project-Files/teamproject/teamproject.sim/sim_1/behav'
INFO: [USF-XSim-98] *** Running xsim
   with args "topmod_tb_behav -key {Behavioral:sim_1:Functional:topmod_tb} -tclbatch {topmod_tb.tcl} -log {simulate.log}"
INFO: [USF-XSim-8] Loading simulator feature
Vivado Simulator 2017.2
Time resolution is 1 ps
source topmod_tb.tcl
# set curr_wave [current_wave_config]
# if { [string length $curr_wave] == 0 } {
#   if { [llength [get_objects]] > 0} {
#     add_wave /
#     set_property needs_save false [current_wave_config]
#   } else {
#      send_msg_id Add_Wave-1 WARNING "No top level signals found. Simulator will start without a wave window. If you want to open a wave window go to 'File->New Waveform Configuration' or type 'create_wave_config' in the TCL console."
#   }
# }
# run 1000ns
Block Memory Generator module topmod_tb.TopMod.MEM1.inst.native_mem_module.blk_mem_gen_v8_3_6_inst is using a behavioral model for simulation which will not precisely model memory collision behavior.
Block Memory Generator module topmod_tb.TopMod.MEME2.inst.native_mem_module.blk_mem_gen_v8_3_6_inst is using a behavioral model for simulation which will not precisely model memory collision behavior.
$finish called at time : 130 ns : File "D:/XLINIX Projects/GP/better group project/CSE320-Project-Files/source files/topmod_tb.sv" Line 78
INFO: [USF-XSim-96] XSim completed. Design snapshot 'topmod_tb_behav' loaded.
INFO: [USF-XSim-97] XSim simulation ran for 1000ns
launch_simulation: Time (s): cpu = 00:00:04 ; elapsed = 00:00:10 . Memory (MB): peak = 908.387 ; gain = 0.000
close_sim
INFO: [Simtcl 6-16] Simulation closed
launch_simulation
INFO: [Vivado 12-4795] Using compiled simulation libraries for IPs
INFO: [SIM-utils-51] Simulation object is 'sim_1'
INFO: [USF-XSim-7] Finding pre-compiled libraries...
INFO: [USF-XSim-11] File 'C:/Xilinx/Vivado/2017.2/data/xsim/ip/xsim_ip.ini' copied to run dir:'D:/XLINIX Projects/GP/better group project/CSE320-Project-Files/teamproject/teamproject.sim/sim_1/behav'
INFO: [SIM-utils-54] Inspecting design source files for 'topmod_tb' in fileset 'sim_1'...
INFO: [USF-XSim-97] Finding global include files...
INFO: [USF-XSim-98] Fetching design files from 'sim_1'...
INFO: [USF-XSim-2] XSim::Compile design
INFO: [USF-XSim-61] Executing 'COMPILE and ANALYZE' step in 'D:/XLINIX Projects/GP/better group project/CSE320-Project-Files/teamproject/teamproject.sim/sim_1/behav'
"xvlog -m64 --relax -L xil_defaultlib -prj topmod_tb_vlog.prj"
INFO: [VRFC 10-2263] Analyzing Verilog file "D:/XLINIX Projects/GP/better group project/CSE320-Project-Files/teamproject/teamproject.srcs/sources_1/ip/blk_mem_gen_0/sim/blk_mem_gen_0.v" into library xil_defaultlib
INFO: [VRFC 10-311] analyzing module blk_mem_gen_0
INFO: [VRFC 10-2263] Analyzing SystemVerilog file "D:/XLINIX Projects/GP/better group project/CSE320-Project-Files/source files/Address_Creator.sv" into library xil_defaultlib
INFO: [VRFC 10-311] analyzing module Address_creator
INFO: [VRFC 10-2263] Analyzing SystemVerilog file "D:/XLINIX Projects/GP/better group project/CSE320-Project-Files/source files/Controller.sv" into library xil_defaultlib
INFO: [VRFC 10-311] analyzing module Controller
INFO: [VRFC 10-2263] Analyzing SystemVerilog file "D:/XLINIX Projects/GP/better group project/CSE320-Project-Files/source files/Deserializer.sv" into library xil_defaultlib
INFO: [VRFC 10-311] analyzing module Deserializer
INFO: [VRFC 10-2263] Analyzing SystemVerilog file "D:/XLINIX Projects/GP/better group project/CSE320-Project-Files/source files/MemInterpreter.sv" into library xil_defaultlib
INFO: [VRFC 10-311] analyzing module MemInterpreter
WARNING: [VRFC 10-526] concatenation with unsized literal; will interpret as 32 bits [D:/XLINIX Projects/GP/better group project/CSE320-Project-Files/source files/MemInterpreter.sv:41]
INFO: [VRFC 10-2263] Analyzing SystemVerilog file "D:/XLINIX Projects/GP/better group project/CSE320-Project-Files/source files/Segment_LED_Interface.sv" into library xil_defaultlib
INFO: [VRFC 10-311] analyzing module Segment_LED_Interface
INFO: [VRFC 10-2263] Analyzing SystemVerilog file "D:/XLINIX Projects/GP/better group project/CSE320-Project-Files/source files/Serializer.sv" into library xil_defaultlib
INFO: [VRFC 10-311] analyzing module Serializer
INFO: [VRFC 10-2263] Analyzing SystemVerilog file "D:/XLINIX Projects/GP/better group project/CSE320-Project-Files/source files/Timer.sv" into library xil_defaultlib
INFO: [VRFC 10-311] analyzing module timer
INFO: [VRFC 10-2263] Analyzing SystemVerilog file "D:/XLINIX Projects/GP/better group project/CSE320-Project-Files/source files/TopModule.sv" into library xil_defaultlib
INFO: [VRFC 10-311] analyzing module TopModule
INFO: [VRFC 10-2263] Analyzing SystemVerilog file "D:/XLINIX Projects/GP/better group project/CSE320-Project-Files/source files/scaledclock.sv" into library xil_defaultlib
INFO: [VRFC 10-311] analyzing module scaledclock
INFO: [VRFC 10-2263] Analyzing SystemVerilog file "D:/XLINIX Projects/GP/better group project/CSE320-Project-Files/source files/synchronizer.sv" into library xil_defaultlib
INFO: [VRFC 10-311] analyzing module synchronizer
INFO: [VRFC 10-2263] Analyzing SystemVerilog file "D:/XLINIX Projects/GP/better group project/CSE320-Project-Files/source files/twoinputmux.sv" into library xil_defaultlib
INFO: [VRFC 10-311] analyzing module twoinputmux
INFO: [VRFC 10-2263] Analyzing SystemVerilog file "D:/XLINIX Projects/GP/better group project/CSE320-Project-Files/source files/topmod_tb.sv" into library xil_defaultlib
INFO: [VRFC 10-311] analyzing module topmod_tb
INFO: [VRFC 10-2263] Analyzing Verilog file "D:/XLINIX Projects/GP/better group project/CSE320-Project-Files/teamproject/teamproject.sim/sim_1/behav/glbl.v" into library xil_defaultlib
INFO: [VRFC 10-311] analyzing module glbl
INFO: [USF-XSim-69] 'compile' step finished in '1' seconds
INFO: [USF-XSim-3] XSim::Elaborate design
INFO: [USF-XSim-61] Executing 'ELABORATE' step in 'D:/XLINIX Projects/GP/better group project/CSE320-Project-Files/teamproject/teamproject.sim/sim_1/behav'
Vivado Simulator 2017.2
Copyright 1986-1999, 2001-2016 Xilinx, Inc. All Rights Reserved.
Running: C:/Xilinx/Vivado/2017.2/bin/unwrapped/win64.o/xelab.exe -wto 0d4ac315e9d64b94aa27c77883a1b460 --debug typical --relax --mt 2 -L blk_mem_gen_v8_3_6 -L xil_defaultlib -L unisims_ver -L unimacro_ver -L secureip -L xpm --snapshot topmod_tb_behav xil_defaultlib.topmod_tb xil_defaultlib.glbl -log elaborate.log 
Using 2 slave threads.
Starting static elaboration
WARNING: [VRFC 10-1783] select index 30 into current_contents is out of bounds [/wrk/2017.2/nightly/2017_06_15_1909853/packages/customer/vivado/data/ip/xilinx/blk_mem_gen_v8_3/simulation/blk_mem_gen_v8_3.v:2419]
WARNING: [VRFC 10-1783] select index 62 into current_contents is out of bounds [/wrk/2017.2/nightly/2017_06_15_1909853/packages/customer/vivado/data/ip/xilinx/blk_mem_gen_v8_3/simulation/blk_mem_gen_v8_3.v:2420]
Completed static elaboration
Starting simulation data flow analysis
WARNING: [XSIM 43-4099] "D:/XLINIX Projects/GP/better group project/CSE320-Project-Files/source files/Controller.sv" Line 5. Module Controller doesn't have a timescale but at least one module in design has a timescale.
WARNING: [XSIM 43-4099] "D:/XLINIX Projects/GP/better group project/CSE320-Project-Files/source files/Timer.sv" Line 4. Module timer doesn't have a timescale but at least one module in design has a timescale.
WARNING: [XSIM 43-4099] "D:/XLINIX Projects/GP/better group project/CSE320-Project-Files/source files/Address_Creator.sv" Line 5. Module Address_creator doesn't have a timescale but at least one module in design has a timescale.
Completed simulation data flow analysis
Time Resolution for simulation is 1ps
Compiling module xil_defaultlib.synchronizer
Compiling module xil_defaultlib.Controller
Compiling module xil_defaultlib.Segment_LED_Interface
Compiling module xil_defaultlib.timer
Compiling module xil_defaultlib.scaledclock
Compiling module xil_defaultlib.Deserializer
Compiling module xil_defaultlib.Serializer
Compiling module xil_defaultlib.Address_creator
Compiling module xil_defaultlib.MemInterpreter
Compiling module blk_mem_gen_v8_3_6.blk_mem_gen_v8_3_6_output_stage(...
Compiling module blk_mem_gen_v8_3_6.blk_mem_gen_v8_3_6_output_stage(...
Compiling module blk_mem_gen_v8_3_6.blk_mem_gen_v8_3_6_softecc_outpu...
Compiling module blk_mem_gen_v8_3_6.blk_mem_gen_v8_3_6_mem_module(C_...
Compiling module blk_mem_gen_v8_3_6.blk_mem_gen_v8_3_6(C_FAMILY="art...
Compiling module xil_defaultlib.blk_mem_gen_0
Compiling module xil_defaultlib.twoinputmux
Compiling module xil_defaultlib.TopModule
Compiling module xil_defaultlib.topmod_tb
Compiling module xil_defaultlib.glbl
Built simulation snapshot topmod_tb_behav

****** Webtalk v2017.2 (64-bit)
  **** SW Build 1909853 on Thu Jun 15 18:39:09 MDT 2017
  **** IP Build 1909766 on Thu Jun 15 19:58:00 MDT 2017
    ** Copyright 1986-2017 Xilinx, Inc. All Rights Reserved.

source D:/XLINIX -notrace
invalid command name "%"
    while executing
"% Total    % Received % Xferd  Average Speed   Time    Time     Time  Current"
    (file "D:/XLINIX" line 1)
INFO: [Common 17-206] Exiting Webtalk at Fri Dec  1 10:32:06 2017...
run_program: Time (s): cpu = 00:00:01 ; elapsed = 00:00:07 . Memory (MB): peak = 924.145 ; gain = 0.000
INFO: [USF-XSim-69] 'elaborate' step finished in '7' seconds
INFO: [USF-XSim-4] XSim::Simulate design
INFO: [USF-XSim-61] Executing 'SIMULATE' step in 'D:/XLINIX Projects/GP/better group project/CSE320-Project-Files/teamproject/teamproject.sim/sim_1/behav'
INFO: [USF-XSim-98] *** Running xsim
   with args "topmod_tb_behav -key {Behavioral:sim_1:Functional:topmod_tb} -tclbatch {topmod_tb.tcl} -log {simulate.log}"
INFO: [USF-XSim-8] Loading simulator feature
Vivado Simulator 2017.2
Time resolution is 1 ps
source topmod_tb.tcl
# set curr_wave [current_wave_config]
# if { [string length $curr_wave] == 0 } {
#   if { [llength [get_objects]] > 0} {
#     add_wave /
#     set_property needs_save false [current_wave_config]
#   } else {
#      send_msg_id Add_Wave-1 WARNING "No top level signals found. Simulator will start without a wave window. If you want to open a wave window go to 'File->New Waveform Configuration' or type 'create_wave_config' in the TCL console."
#   }
# }
# run 1000ns
Block Memory Generator module topmod_tb.TopMod.MEM1.inst.native_mem_module.blk_mem_gen_v8_3_6_inst is using a behavioral model for simulation which will not precisely model memory collision behavior.
Block Memory Generator module topmod_tb.TopMod.MEME2.inst.native_mem_module.blk_mem_gen_v8_3_6_inst is using a behavioral model for simulation which will not precisely model memory collision behavior.
$finish called at time : 255 ns : File "D:/XLINIX Projects/GP/better group project/CSE320-Project-Files/source files/topmod_tb.sv" Line 84
INFO: [USF-XSim-96] XSim completed. Design snapshot 'topmod_tb_behav' loaded.
INFO: [USF-XSim-97] XSim simulation ran for 1000ns
launch_simulation: Time (s): cpu = 00:00:03 ; elapsed = 00:00:10 . Memory (MB): peak = 924.145 ; gain = 0.000
close_sim
INFO: [Simtcl 6-16] Simulation closed
launch_simulation
INFO: [Vivado 12-4795] Using compiled simulation libraries for IPs
INFO: [SIM-utils-51] Simulation object is 'sim_1'
INFO: [USF-XSim-7] Finding pre-compiled libraries...
INFO: [USF-XSim-11] File 'C:/Xilinx/Vivado/2017.2/data/xsim/ip/xsim_ip.ini' copied to run dir:'D:/XLINIX Projects/GP/better group project/CSE320-Project-Files/teamproject/teamproject.sim/sim_1/behav'
INFO: [SIM-utils-54] Inspecting design source files for 'topmod_tb' in fileset 'sim_1'...
INFO: [USF-XSim-97] Finding global include files...
INFO: [USF-XSim-98] Fetching design files from 'sim_1'...
INFO: [USF-XSim-2] XSim::Compile design
INFO: [USF-XSim-61] Executing 'COMPILE and ANALYZE' step in 'D:/XLINIX Projects/GP/better group project/CSE320-Project-Files/teamproject/teamproject.sim/sim_1/behav'
"xvlog -m64 --relax -L xil_defaultlib -prj topmod_tb_vlog.prj"
INFO: [VRFC 10-2263] Analyzing Verilog file "D:/XLINIX Projects/GP/better group project/CSE320-Project-Files/teamproject/teamproject.srcs/sources_1/ip/blk_mem_gen_0/sim/blk_mem_gen_0.v" into library xil_defaultlib
INFO: [VRFC 10-311] analyzing module blk_mem_gen_0
INFO: [VRFC 10-2263] Analyzing SystemVerilog file "D:/XLINIX Projects/GP/better group project/CSE320-Project-Files/source files/Address_Creator.sv" into library xil_defaultlib
INFO: [VRFC 10-311] analyzing module Address_creator
INFO: [VRFC 10-2263] Analyzing SystemVerilog file "D:/XLINIX Projects/GP/better group project/CSE320-Project-Files/source files/Controller.sv" into library xil_defaultlib
INFO: [VRFC 10-311] analyzing module Controller
INFO: [VRFC 10-2263] Analyzing SystemVerilog file "D:/XLINIX Projects/GP/better group project/CSE320-Project-Files/source files/Deserializer.sv" into library xil_defaultlib
INFO: [VRFC 10-311] analyzing module Deserializer
INFO: [VRFC 10-2263] Analyzing SystemVerilog file "D:/XLINIX Projects/GP/better group project/CSE320-Project-Files/source files/MemInterpreter.sv" into library xil_defaultlib
INFO: [VRFC 10-311] analyzing module MemInterpreter
WARNING: [VRFC 10-526] concatenation with unsized literal; will interpret as 32 bits [D:/XLINIX Projects/GP/better group project/CSE320-Project-Files/source files/MemInterpreter.sv:41]
INFO: [VRFC 10-2263] Analyzing SystemVerilog file "D:/XLINIX Projects/GP/better group project/CSE320-Project-Files/source files/Segment_LED_Interface.sv" into library xil_defaultlib
INFO: [VRFC 10-311] analyzing module Segment_LED_Interface
INFO: [VRFC 10-2263] Analyzing SystemVerilog file "D:/XLINIX Projects/GP/better group project/CSE320-Project-Files/source files/Serializer.sv" into library xil_defaultlib
INFO: [VRFC 10-311] analyzing module Serializer
INFO: [VRFC 10-2263] Analyzing SystemVerilog file "D:/XLINIX Projects/GP/better group project/CSE320-Project-Files/source files/Timer.sv" into library xil_defaultlib
INFO: [VRFC 10-311] analyzing module timer
INFO: [VRFC 10-2263] Analyzing SystemVerilog file "D:/XLINIX Projects/GP/better group project/CSE320-Project-Files/source files/TopModule.sv" into library xil_defaultlib
INFO: [VRFC 10-311] analyzing module TopModule
INFO: [VRFC 10-2263] Analyzing SystemVerilog file "D:/XLINIX Projects/GP/better group project/CSE320-Project-Files/source files/scaledclock.sv" into library xil_defaultlib
INFO: [VRFC 10-311] analyzing module scaledclock
INFO: [VRFC 10-2263] Analyzing SystemVerilog file "D:/XLINIX Projects/GP/better group project/CSE320-Project-Files/source files/synchronizer.sv" into library xil_defaultlib
INFO: [VRFC 10-311] analyzing module synchronizer
INFO: [VRFC 10-2263] Analyzing SystemVerilog file "D:/XLINIX Projects/GP/better group project/CSE320-Project-Files/source files/twoinputmux.sv" into library xil_defaultlib
INFO: [VRFC 10-311] analyzing module twoinputmux
INFO: [VRFC 10-2263] Analyzing SystemVerilog file "D:/XLINIX Projects/GP/better group project/CSE320-Project-Files/source files/topmod_tb.sv" into library xil_defaultlib
INFO: [VRFC 10-311] analyzing module topmod_tb
INFO: [VRFC 10-2263] Analyzing Verilog file "D:/XLINIX Projects/GP/better group project/CSE320-Project-Files/teamproject/teamproject.sim/sim_1/behav/glbl.v" into library xil_defaultlib
INFO: [VRFC 10-311] analyzing module glbl
INFO: [USF-XSim-69] 'compile' step finished in '2' seconds
INFO: [USF-XSim-3] XSim::Elaborate design
INFO: [USF-XSim-61] Executing 'ELABORATE' step in 'D:/XLINIX Projects/GP/better group project/CSE320-Project-Files/teamproject/teamproject.sim/sim_1/behav'
Vivado Simulator 2017.2
Copyright 1986-1999, 2001-2016 Xilinx, Inc. All Rights Reserved.
Running: C:/Xilinx/Vivado/2017.2/bin/unwrapped/win64.o/xelab.exe -wto 0d4ac315e9d64b94aa27c77883a1b460 --debug typical --relax --mt 2 -L blk_mem_gen_v8_3_6 -L xil_defaultlib -L unisims_ver -L unimacro_ver -L secureip -L xpm --snapshot topmod_tb_behav xil_defaultlib.topmod_tb xil_defaultlib.glbl -log elaborate.log 
Using 2 slave threads.
Starting static elaboration
WARNING: [VRFC 10-1783] select index 30 into current_contents is out of bounds [/wrk/2017.2/nightly/2017_06_15_1909853/packages/customer/vivado/data/ip/xilinx/blk_mem_gen_v8_3/simulation/blk_mem_gen_v8_3.v:2419]
WARNING: [VRFC 10-1783] select index 62 into current_contents is out of bounds [/wrk/2017.2/nightly/2017_06_15_1909853/packages/customer/vivado/data/ip/xilinx/blk_mem_gen_v8_3/simulation/blk_mem_gen_v8_3.v:2420]
Completed static elaboration
Starting simulation data flow analysis
WARNING: [XSIM 43-4099] "D:/XLINIX Projects/GP/better group project/CSE320-Project-Files/source files/Controller.sv" Line 5. Module Controller doesn't have a timescale but at least one module in design has a timescale.
WARNING: [XSIM 43-4099] "D:/XLINIX Projects/GP/better group project/CSE320-Project-Files/source files/Timer.sv" Line 4. Module timer doesn't have a timescale but at least one module in design has a timescale.
WARNING: [XSIM 43-4099] "D:/XLINIX Projects/GP/better group project/CSE320-Project-Files/source files/Address_Creator.sv" Line 5. Module Address_creator doesn't have a timescale but at least one module in design has a timescale.
Completed simulation data flow analysis
Time Resolution for simulation is 1ps
Compiling module xil_defaultlib.synchronizer
Compiling module xil_defaultlib.Controller
Compiling module xil_defaultlib.Segment_LED_Interface
Compiling module xil_defaultlib.timer
Compiling module xil_defaultlib.scaledclock
Compiling module xil_defaultlib.Deserializer
Compiling module xil_defaultlib.Serializer
Compiling module xil_defaultlib.Address_creator
Compiling module xil_defaultlib.MemInterpreter
Compiling module blk_mem_gen_v8_3_6.blk_mem_gen_v8_3_6_output_stage(...
Compiling module blk_mem_gen_v8_3_6.blk_mem_gen_v8_3_6_output_stage(...
Compiling module blk_mem_gen_v8_3_6.blk_mem_gen_v8_3_6_softecc_outpu...
Compiling module blk_mem_gen_v8_3_6.blk_mem_gen_v8_3_6_mem_module(C_...
Compiling module blk_mem_gen_v8_3_6.blk_mem_gen_v8_3_6(C_FAMILY="art...
Compiling module xil_defaultlib.blk_mem_gen_0
Compiling module xil_defaultlib.twoinputmux
Compiling module xil_defaultlib.TopModule
Compiling module xil_defaultlib.topmod_tb
Compiling module xil_defaultlib.glbl
Built simulation snapshot topmod_tb_behav

****** Webtalk v2017.2 (64-bit)
  **** SW Build 1909853 on Thu Jun 15 18:39:09 MDT 2017
  **** IP Build 1909766 on Thu Jun 15 19:58:00 MDT 2017
    ** Copyright 1986-2017 Xilinx, Inc. All Rights Reserved.

source D:/XLINIX -notrace
invalid command name "%"
    while executing
"% Total    % Received % Xferd  Average Speed   Time    Time     Time  Current"
    (file "D:/XLINIX" line 1)
INFO: [Common 17-206] Exiting Webtalk at Fri Dec  1 10:33:19 2017...
run_program: Time (s): cpu = 00:00:01 ; elapsed = 00:00:07 . Memory (MB): peak = 924.145 ; gain = 0.000
INFO: [USF-XSim-69] 'elaborate' step finished in '7' seconds
INFO: [USF-XSim-4] XSim::Simulate design
INFO: [USF-XSim-61] Executing 'SIMULATE' step in 'D:/XLINIX Projects/GP/better group project/CSE320-Project-Files/teamproject/teamproject.sim/sim_1/behav'
INFO: [USF-XSim-98] *** Running xsim
   with args "topmod_tb_behav -key {Behavioral:sim_1:Functional:topmod_tb} -tclbatch {topmod_tb.tcl} -log {simulate.log}"
INFO: [USF-XSim-8] Loading simulator feature
Vivado Simulator 2017.2
Time resolution is 1 ps
source topmod_tb.tcl
# set curr_wave [current_wave_config]
# if { [string length $curr_wave] == 0 } {
#   if { [llength [get_objects]] > 0} {
#     add_wave /
#     set_property needs_save false [current_wave_config]
#   } else {
#      send_msg_id Add_Wave-1 WARNING "No top level signals found. Simulator will start without a wave window. If you want to open a wave window go to 'File->New Waveform Configuration' or type 'create_wave_config' in the TCL console."
#   }
# }
# run 1000ns
Block Memory Generator module topmod_tb.TopMod.MEM1.inst.native_mem_module.blk_mem_gen_v8_3_6_inst is using a behavioral model for simulation which will not precisely model memory collision behavior.
Block Memory Generator module topmod_tb.TopMod.MEME2.inst.native_mem_module.blk_mem_gen_v8_3_6_inst is using a behavioral model for simulation which will not precisely model memory collision behavior.
$finish called at time : 555 ns : File "D:/XLINIX Projects/GP/better group project/CSE320-Project-Files/source files/topmod_tb.sv" Line 90
INFO: [USF-XSim-96] XSim completed. Design snapshot 'topmod_tb_behav' loaded.
INFO: [USF-XSim-97] XSim simulation ran for 1000ns
launch_simulation: Time (s): cpu = 00:00:05 ; elapsed = 00:00:12 . Memory (MB): peak = 924.145 ; gain = 0.000
close_sim
INFO: [Simtcl 6-16] Simulation closed
exit
INFO: [Common 17-206] Exiting Vivado at Fri Dec  1 10:35:30 2017...
