#-----------------------------------------------------------
# Vivado v2017.2 (64-bit)
# SW Build 1909853 on Thu Jun 15 18:39:09 MDT 2017
# IP Build 1909766 on Thu Jun 15 19:58:00 MDT 2017
# Start of session at: Fri Dec  1 15:36:36 2017
# Process ID: 9516
# Current directory: D:/XLINIX Projects/GP/better group project/CSE320-Project-Files/teamproject
# Command line: vivado.exe -gui_launcher_event rodinguilauncherevent10920 D:\XLINIX Projects\GP\better group project\CSE320-Project-Files\teamproject\teamproject.xpr
# Log file: D:/XLINIX Projects/GP/better group project/CSE320-Project-Files/teamproject/vivado.log
# Journal file: D:/XLINIX Projects/GP/better group project/CSE320-Project-Files/teamproject\vivado.jou
#-----------------------------------------------------------
start_gui
open_project {D:/XLINIX Projects/GP/better group project/CSE320-Project-Files/teamproject/teamproject.xpr}
Scanning sources...
Finished scanning sources
INFO: [IP_Flow 19-234] Refreshing IP repositories
INFO: [IP_Flow 19-1704] No user IP repositories specified
INFO: [IP_Flow 19-2313] Loaded Vivado IP repository 'C:/Xilinx/Vivado/2017.2/data/ip'.
update_compile_order -fileset sources_1
launch_simulation
INFO: [Vivado 12-4795] Using compiled simulation libraries for IPs
INFO: [SIM-utils-51] Simulation object is 'sim_1'
INFO: [USF-XSim-7] Finding pre-compiled libraries...
INFO: [USF-XSim-11] File 'C:/Xilinx/Vivado/2017.2/data/xsim/ip/xsim_ip.ini' copied to run dir:'D:/XLINIX Projects/GP/better group project/CSE320-Project-Files/teamproject/teamproject.sim/sim_1/behav'
INFO: [SIM-utils-54] Inspecting design source files for 'LED_tb' in fileset 'sim_1'...
INFO: [USF-XSim-97] Finding global include files...
INFO: [USF-XSim-98] Fetching design files from 'sim_1'...
INFO: [USF-XSim-2] XSim::Compile design
INFO: [USF-XSim-61] Executing 'COMPILE and ANALYZE' step in 'D:/XLINIX Projects/GP/better group project/CSE320-Project-Files/teamproject/teamproject.sim/sim_1/behav'
"xvlog -m64 --relax -L xil_defaultlib -prj LED_tb_vlog.prj"
INFO: [VRFC 10-2263] Analyzing SystemVerilog file "D:/XLINIX Projects/GP/better group project/CSE320-Project-Files/source files/Segment_LED_Interface.sv" into library xil_defaultlib
INFO: [VRFC 10-311] analyzing module Segment_LED_Interface
WARNING: [VRFC 10-1315] redeclaration of ansi port count is not allowed [D:/XLINIX Projects/GP/better group project/CSE320-Project-Files/source files/Segment_LED_Interface.sv:15]
INFO: [VRFC 10-2263] Analyzing SystemVerilog file "D:/XLINIX Projects/GP/better group project/CSE320-Project-Files/source files/LED_TB.sv" into library xil_defaultlib
INFO: [VRFC 10-311] analyzing module LED_tb
INFO: [VRFC 10-2263] Analyzing Verilog file "D:/XLINIX Projects/GP/better group project/CSE320-Project-Files/teamproject/teamproject.sim/sim_1/behav/glbl.v" into library xil_defaultlib
INFO: [VRFC 10-311] analyzing module glbl
INFO: [USF-XSim-69] 'compile' step finished in '1' seconds
INFO: [USF-XSim-3] XSim::Elaborate design
INFO: [USF-XSim-61] Executing 'ELABORATE' step in 'D:/XLINIX Projects/GP/better group project/CSE320-Project-Files/teamproject/teamproject.sim/sim_1/behav'
Vivado Simulator 2017.2
Copyright 1986-1999, 2001-2016 Xilinx, Inc. All Rights Reserved.
Running: C:/Xilinx/Vivado/2017.2/bin/unwrapped/win64.o/xelab.exe -wto 0097a83a03174a29994105b1c7e67aae --debug typical --relax --mt 2 -L xil_defaultlib -L unisims_ver -L unimacro_ver -L secureip -L xpm --snapshot LED_tb_behav xil_defaultlib.LED_tb xil_defaultlib.glbl -log elaborate.log 
Using 2 slave threads.
Starting static elaboration
Completed static elaboration
Starting simulation data flow analysis
Completed simulation data flow analysis
Time Resolution for simulation is 1ps
Compiling module xil_defaultlib.Segment_LED_Interface
Compiling module xil_defaultlib.LED_tb
Compiling module xil_defaultlib.glbl
Built simulation snapshot LED_tb_behav

****** Webtalk v2017.2 (64-bit)
  **** SW Build 1909853 on Thu Jun 15 18:39:09 MDT 2017
  **** IP Build 1909766 on Thu Jun 15 19:58:00 MDT 2017
    ** Copyright 1986-2017 Xilinx, Inc. All Rights Reserved.

source D:/XLINIX -notrace
invalid command name "%"
    while executing
"% Total    % Received % Xferd  Average Speed   Time    Time     Time  Current"
    (file "D:/XLINIX" line 1)
INFO: [Common 17-206] Exiting Webtalk at Fri Dec  1 15:38:56 2017...
run_program: Time (s): cpu = 00:00:01 ; elapsed = 00:00:05 . Memory (MB): peak = 842.801 ; gain = 0.000
INFO: [USF-XSim-69] 'elaborate' step finished in '5' seconds
INFO: [USF-XSim-4] XSim::Simulate design
INFO: [USF-XSim-61] Executing 'SIMULATE' step in 'D:/XLINIX Projects/GP/better group project/CSE320-Project-Files/teamproject/teamproject.sim/sim_1/behav'
INFO: [USF-XSim-98] *** Running xsim
   with args "LED_tb_behav -key {Behavioral:sim_1:Functional:LED_tb} -tclbatch {LED_tb.tcl} -log {simulate.log}"
INFO: [USF-XSim-8] Loading simulator feature
Vivado Simulator 2017.2
Time resolution is 1 ps
source LED_tb.tcl
# set curr_wave [current_wave_config]
# if { [string length $curr_wave] == 0 } {
#   if { [llength [get_objects]] > 0} {
#     add_wave /
#     set_property needs_save false [current_wave_config]
#   } else {
#      send_msg_id Add_Wave-1 WARNING "No top level signals found. Simulator will start without a wave window. If you want to open a wave window go to 'File->New Waveform Configuration' or type 'create_wave_config' in the TCL console."
#   }
# }
# run 8s
$finish called at time : 800 ns : File "D:/XLINIX Projects/GP/better group project/CSE320-Project-Files/source files/LED_TB.sv" Line 78
INFO: [USF-XSim-96] XSim completed. Design snapshot 'LED_tb_behav' loaded.
INFO: [USF-XSim-97] XSim simulation ran for 8s
launch_simulation: Time (s): cpu = 00:00:09 ; elapsed = 00:00:09 . Memory (MB): peak = 880.473 ; gain = 37.672
WARNING: [filemgmt 56-199] Attempt to get parsing info during refresh. "On-the-fly" syntax checking information may be incorrect. [D:/XLINIX Projects/GP/better group project/CSE320-Project-Files/source files/TopModule.sv:]
WARNING: [filemgmt 56-199] Attempt to get parsing info during refresh. "On-the-fly" syntax checking information may be incorrect. [D:/XLINIX Projects/GP/better group project/CSE320-Project-Files/source files/LED_TB.sv:]
synth_design -rtl -name rtl_1
Command: synth_design -rtl -name rtl_1
Starting synth_design
Using part: xc7a100tcsg324-1
Top: TopModule
WARNING: [Synth 8-2611] redeclaration of ansi port count is not allowed [D:/XLINIX Projects/GP/better group project/CSE320-Project-Files/source files/Segment_LED_Interface.sv:15]
WARNING: [Synth 8-976] count has already been declared [D:/XLINIX Projects/GP/better group project/CSE320-Project-Files/source files/Segment_LED_Interface.sv:15]
WARNING: [Synth 8-2654] second declaration of count ignored [D:/XLINIX Projects/GP/better group project/CSE320-Project-Files/source files/Segment_LED_Interface.sv:15]
INFO: [Synth 8-994] count is declared here [D:/XLINIX Projects/GP/better group project/CSE320-Project-Files/source files/Segment_LED_Interface.sv:12]
WARNING: [Synth 8-2611] redeclaration of ansi port b is not allowed [D:/XLINIX Projects/GP/better group project/CSE320-Project-Files/source files/synchronizer.sv:37]
WARNING: [Synth 8-976] b has already been declared [D:/XLINIX Projects/GP/better group project/CSE320-Project-Files/source files/synchronizer.sv:37]
WARNING: [Synth 8-2654] second declaration of b ignored [D:/XLINIX Projects/GP/better group project/CSE320-Project-Files/source files/synchronizer.sv:37]
INFO: [Synth 8-994] b is declared here [D:/XLINIX Projects/GP/better group project/CSE320-Project-Files/source files/synchronizer.sv:34]
---------------------------------------------------------------------------------
Starting RTL Elaboration : Time (s): cpu = 00:00:04 ; elapsed = 00:00:04 . Memory (MB): peak = 1025.684 ; gain = 54.859
---------------------------------------------------------------------------------
INFO: [Synth 8-638] synthesizing module 'TopModule' [D:/XLINIX Projects/GP/better group project/CSE320-Project-Files/source files/TopModule.sv:4]
INFO: [Synth 8-638] synthesizing module 'synchronizer' [D:/XLINIX Projects/GP/better group project/CSE320-Project-Files/source files/synchronizer.sv:23]
INFO: [Synth 8-256] done synthesizing module 'synchronizer' (1#1) [D:/XLINIX Projects/GP/better group project/CSE320-Project-Files/source files/synchronizer.sv:23]
WARNING: [Synth 8-350] instance 'synchronizer' of module 'synchronizer' requires 8 connections, but only 7 given [D:/XLINIX Projects/GP/better group project/CSE320-Project-Files/source files/TopModule.sv:53]
INFO: [Synth 8-638] synthesizing module 'Controller' [D:/XLINIX Projects/GP/better group project/CSE320-Project-Files/source files/Controller.sv:5]
	Parameter s0 bound to: 5'b00001 
	Parameter s1 bound to: 5'b00010 
	Parameter s2 bound to: 5'b00100 
	Parameter s3 bound to: 5'b01000 
	Parameter s4 bound to: 5'b10000 
INFO: [Synth 8-155] case statement is not full and has no default [D:/XLINIX Projects/GP/better group project/CSE320-Project-Files/source files/Controller.sv:33]
INFO: [Synth 8-155] case statement is not full and has no default [D:/XLINIX Projects/GP/better group project/CSE320-Project-Files/source files/Controller.sv:52]
WARNING: [Synth 8-87] always_comb on 'nextstate_reg' did not result in combinational logic [D:/XLINIX Projects/GP/better group project/CSE320-Project-Files/source files/Controller.sv:31]
WARNING: [Synth 8-87] always_comb on 'timer_reg' did not result in combinational logic [D:/XLINIX Projects/GP/better group project/CSE320-Project-Files/source files/Controller.sv:55]
WARNING: [Synth 8-87] always_comb on 'memoryselect_clip_1_reg' did not result in combinational logic [D:/XLINIX Projects/GP/better group project/CSE320-Project-Files/source files/Controller.sv:56]
INFO: [Synth 8-256] done synthesizing module 'Controller' (2#1) [D:/XLINIX Projects/GP/better group project/CSE320-Project-Files/source files/Controller.sv:5]
INFO: [Synth 8-638] synthesizing module 'Segment_LED_Interface' [D:/XLINIX Projects/GP/better group project/CSE320-Project-Files/source files/Segment_LED_Interface.sv:5]
WARNING: [Synth 8-87] always_comb on 'cathode_reg' did not result in combinational logic [D:/XLINIX Projects/GP/better group project/CSE320-Project-Files/source files/Segment_LED_Interface.sv:23]
INFO: [Synth 8-256] done synthesizing module 'Segment_LED_Interface' (3#1) [D:/XLINIX Projects/GP/better group project/CSE320-Project-Files/source files/Segment_LED_Interface.sv:5]
WARNING: [Synth 8-350] instance 'LEDS' of module 'Segment_LED_Interface' requires 8 connections, but only 5 given [D:/XLINIX Projects/GP/better group project/CSE320-Project-Files/source files/TopModule.sv:71]
INFO: [Synth 8-638] synthesizing module 'timer' [D:/XLINIX Projects/GP/better group project/CSE320-Project-Files/source files/Timer.sv:4]
INFO: [Synth 8-256] done synthesizing module 'timer' (4#1) [D:/XLINIX Projects/GP/better group project/CSE320-Project-Files/source files/Timer.sv:4]
INFO: [Synth 8-638] synthesizing module 'scaledclock' [D:/XLINIX Projects/GP/better group project/CSE320-Project-Files/source files/scaledclock.sv:23]
INFO: [Synth 8-256] done synthesizing module 'scaledclock' (5#1) [D:/XLINIX Projects/GP/better group project/CSE320-Project-Files/source files/scaledclock.sv:23]
INFO: [Synth 8-638] synthesizing module 'Deserializer' [D:/XLINIX Projects/GP/better group project/CSE320-Project-Files/source files/Deserializer.sv:6]
INFO: [Synth 8-256] done synthesizing module 'Deserializer' (6#1) [D:/XLINIX Projects/GP/better group project/CSE320-Project-Files/source files/Deserializer.sv:6]
INFO: [Synth 8-638] synthesizing module 'Serializer' [D:/XLINIX Projects/GP/better group project/CSE320-Project-Files/source files/Serializer.sv:6]
INFO: [Synth 8-256] done synthesizing module 'Serializer' (7#1) [D:/XLINIX Projects/GP/better group project/CSE320-Project-Files/source files/Serializer.sv:6]
INFO: [Synth 8-638] synthesizing module 'Address_creator' [D:/XLINIX Projects/GP/better group project/CSE320-Project-Files/source files/Address_Creator.sv:5]
INFO: [Synth 8-256] done synthesizing module 'Address_creator' (8#1) [D:/XLINIX Projects/GP/better group project/CSE320-Project-Files/source files/Address_Creator.sv:5]
INFO: [Synth 8-638] synthesizing module 'MemInterpreter' [D:/XLINIX Projects/GP/better group project/CSE320-Project-Files/source files/MemInterpreter.sv:4]
WARNING: [Synth 8-87] always_comb on 'block2ena_reg' did not result in combinational logic [D:/XLINIX Projects/GP/better group project/CSE320-Project-Files/source files/MemInterpreter.sv:26]
INFO: [Synth 8-256] done synthesizing module 'MemInterpreter' (9#1) [D:/XLINIX Projects/GP/better group project/CSE320-Project-Files/source files/MemInterpreter.sv:4]
INFO: [Synth 8-638] synthesizing module 'blk_mem_gen_0' [D:/XLINIX Projects/GP/better group project/CSE320-Project-Files/teamproject/.Xil/Vivado-9516-DESKTOP-MSCBAO0/realtime/blk_mem_gen_0_stub.v:6]
INFO: [Synth 8-256] done synthesizing module 'blk_mem_gen_0' (10#1) [D:/XLINIX Projects/GP/better group project/CSE320-Project-Files/teamproject/.Xil/Vivado-9516-DESKTOP-MSCBAO0/realtime/blk_mem_gen_0_stub.v:6]
INFO: [Synth 8-638] synthesizing module 'twoinputmux' [D:/XLINIX Projects/GP/better group project/CSE320-Project-Files/source files/twoinputmux.sv:23]
INFO: [Synth 8-256] done synthesizing module 'twoinputmux' (11#1) [D:/XLINIX Projects/GP/better group project/CSE320-Project-Files/source files/twoinputmux.sv:23]
INFO: [Synth 8-256] done synthesizing module 'TopModule' (12#1) [D:/XLINIX Projects/GP/better group project/CSE320-Project-Files/source files/TopModule.sv:4]
---------------------------------------------------------------------------------
Finished RTL Elaboration : Time (s): cpu = 00:00:05 ; elapsed = 00:00:05 . Memory (MB): peak = 1048.477 ; gain = 77.652
---------------------------------------------------------------------------------

Report Check Netlist: 
+------+------------------+-------+---------+-------+------------------+
|      |Item              |Errors |Warnings |Status |Description       |
+------+------------------+-------+---------+-------+------------------+
|1     |multi_driven_nets |      0|        0|Passed |Multi driven nets |
+------+------------------+-------+---------+-------+------------------+
WARNING: [Synth 8-3295] tying undriven pin LEDS:clock to constant 0 [D:/XLINIX Projects/GP/better group project/CSE320-Project-Files/source files/TopModule.sv:71]
WARNING: [Synth 8-3295] tying undriven pin LEDS:reset to constant 0 [D:/XLINIX Projects/GP/better group project/CSE320-Project-Files/source files/TopModule.sv:71]
---------------------------------------------------------------------------------
Finished RTL Optimization Phase 1 : Time (s): cpu = 00:00:05 ; elapsed = 00:00:05 . Memory (MB): peak = 1048.477 ; gain = 77.652
---------------------------------------------------------------------------------
INFO: [Project 1-454] Reading design checkpoint 'd:/XLINIX Projects/GP/better group project/CSE320-Project-Files/teamproject/teamproject.srcs/sources_1/ip/blk_mem_gen_0_1/blk_mem_gen_0.dcp' for cell 'MEM1'
INFO: [Netlist 29-17] Analyzing 60 Unisim elements for replacement
INFO: [Netlist 29-28] Unisim Transformation completed in 0 CPU seconds
INFO: [Project 1-479] Netlist was created with Vivado 2017.2
INFO: [Device 21-403] Loading part xc7a100tcsg324-1
INFO: [Project 1-570] Preparing netlist for logic optimization

Processing XDC Constraints
Initializing timing engine
Completed Processing XDC Constraints

INFO: [Opt 31-138] Pushed 0 inverter(s) to 0 load pin(s).
INFO: [Project 1-111] Unisim Transformation Summary:
No Unisim elements were transformed.

RTL Elaboration Complete:  : Time (s): cpu = 00:00:20 ; elapsed = 00:00:19 . Memory (MB): peak = 1355.898 ; gain = 385.074
36 Infos, 15 Warnings, 0 Critical Warnings and 0 Errors encountered.
synth_design completed successfully
synth_design: Time (s): cpu = 00:00:20 ; elapsed = 00:00:19 . Memory (MB): peak = 1355.898 ; gain = 385.074
refresh_design
WARNING: [Synth 8-2611] redeclaration of ansi port b is not allowed [D:/XLINIX Projects/GP/better group project/CSE320-Project-Files/source files/synchronizer.sv:37]
WARNING: [Synth 8-976] b has already been declared [D:/XLINIX Projects/GP/better group project/CSE320-Project-Files/source files/synchronizer.sv:37]
WARNING: [Synth 8-2654] second declaration of b ignored [D:/XLINIX Projects/GP/better group project/CSE320-Project-Files/source files/synchronizer.sv:37]
INFO: [Synth 8-994] b is declared here [D:/XLINIX Projects/GP/better group project/CSE320-Project-Files/source files/synchronizer.sv:34]
---------------------------------------------------------------------------------
Starting RTL Elaboration : Time (s): cpu = 00:00:02 ; elapsed = 00:00:03 . Memory (MB): peak = 1355.898 ; gain = 0.000
---------------------------------------------------------------------------------
INFO: [Synth 8-638] synthesizing module 'TopModule' [D:/XLINIX Projects/GP/better group project/CSE320-Project-Files/source files/TopModule.sv:4]
INFO: [Synth 8-638] synthesizing module 'synchronizer' [D:/XLINIX Projects/GP/better group project/CSE320-Project-Files/source files/synchronizer.sv:23]
INFO: [Synth 8-256] done synthesizing module 'synchronizer' (1#1) [D:/XLINIX Projects/GP/better group project/CSE320-Project-Files/source files/synchronizer.sv:23]
WARNING: [Synth 8-350] instance 'synchronizer' of module 'synchronizer' requires 8 connections, but only 7 given [D:/XLINIX Projects/GP/better group project/CSE320-Project-Files/source files/TopModule.sv:53]
INFO: [Synth 8-638] synthesizing module 'Controller' [D:/XLINIX Projects/GP/better group project/CSE320-Project-Files/source files/Controller.sv:5]
	Parameter s0 bound to: 5'b00001 
	Parameter s1 bound to: 5'b00010 
	Parameter s2 bound to: 5'b00100 
	Parameter s3 bound to: 5'b01000 
	Parameter s4 bound to: 5'b10000 
INFO: [Synth 8-155] case statement is not full and has no default [D:/XLINIX Projects/GP/better group project/CSE320-Project-Files/source files/Controller.sv:33]
INFO: [Synth 8-155] case statement is not full and has no default [D:/XLINIX Projects/GP/better group project/CSE320-Project-Files/source files/Controller.sv:52]
WARNING: [Synth 8-87] always_comb on 'nextstate_reg' did not result in combinational logic [D:/XLINIX Projects/GP/better group project/CSE320-Project-Files/source files/Controller.sv:31]
WARNING: [Synth 8-87] always_comb on 'timer_reg' did not result in combinational logic [D:/XLINIX Projects/GP/better group project/CSE320-Project-Files/source files/Controller.sv:55]
WARNING: [Synth 8-87] always_comb on 'memoryselect_clip_1_reg' did not result in combinational logic [D:/XLINIX Projects/GP/better group project/CSE320-Project-Files/source files/Controller.sv:56]
INFO: [Synth 8-256] done synthesizing module 'Controller' (2#1) [D:/XLINIX Projects/GP/better group project/CSE320-Project-Files/source files/Controller.sv:5]
INFO: [Synth 8-638] synthesizing module 'Segment_LED_Interface' [D:/XLINIX Projects/GP/better group project/CSE320-Project-Files/source files/Segment_LED_Interface.sv:5]
WARNING: [Synth 8-87] always_comb on 'cathode_reg' did not result in combinational logic [D:/XLINIX Projects/GP/better group project/CSE320-Project-Files/source files/Segment_LED_Interface.sv:22]
INFO: [Synth 8-256] done synthesizing module 'Segment_LED_Interface' (3#1) [D:/XLINIX Projects/GP/better group project/CSE320-Project-Files/source files/Segment_LED_Interface.sv:5]
WARNING: [Synth 8-350] instance 'LEDS' of module 'Segment_LED_Interface' requires 7 connections, but only 5 given [D:/XLINIX Projects/GP/better group project/CSE320-Project-Files/source files/TopModule.sv:71]
INFO: [Synth 8-638] synthesizing module 'timer' [D:/XLINIX Projects/GP/better group project/CSE320-Project-Files/source files/Timer.sv:4]
INFO: [Synth 8-256] done synthesizing module 'timer' (4#1) [D:/XLINIX Projects/GP/better group project/CSE320-Project-Files/source files/Timer.sv:4]
INFO: [Synth 8-638] synthesizing module 'scaledclock' [D:/XLINIX Projects/GP/better group project/CSE320-Project-Files/source files/scaledclock.sv:23]
INFO: [Synth 8-256] done synthesizing module 'scaledclock' (5#1) [D:/XLINIX Projects/GP/better group project/CSE320-Project-Files/source files/scaledclock.sv:23]
INFO: [Synth 8-638] synthesizing module 'Deserializer' [D:/XLINIX Projects/GP/better group project/CSE320-Project-Files/source files/Deserializer.sv:6]
INFO: [Synth 8-256] done synthesizing module 'Deserializer' (6#1) [D:/XLINIX Projects/GP/better group project/CSE320-Project-Files/source files/Deserializer.sv:6]
INFO: [Synth 8-638] synthesizing module 'Serializer' [D:/XLINIX Projects/GP/better group project/CSE320-Project-Files/source files/Serializer.sv:6]
INFO: [Synth 8-256] done synthesizing module 'Serializer' (7#1) [D:/XLINIX Projects/GP/better group project/CSE320-Project-Files/source files/Serializer.sv:6]
INFO: [Synth 8-638] synthesizing module 'Address_creator' [D:/XLINIX Projects/GP/better group project/CSE320-Project-Files/source files/Address_Creator.sv:5]
INFO: [Synth 8-256] done synthesizing module 'Address_creator' (8#1) [D:/XLINIX Projects/GP/better group project/CSE320-Project-Files/source files/Address_Creator.sv:5]
INFO: [Synth 8-638] synthesizing module 'MemInterpreter' [D:/XLINIX Projects/GP/better group project/CSE320-Project-Files/source files/MemInterpreter.sv:4]
WARNING: [Synth 8-87] always_comb on 'block2ena_reg' did not result in combinational logic [D:/XLINIX Projects/GP/better group project/CSE320-Project-Files/source files/MemInterpreter.sv:26]
INFO: [Synth 8-256] done synthesizing module 'MemInterpreter' (9#1) [D:/XLINIX Projects/GP/better group project/CSE320-Project-Files/source files/MemInterpreter.sv:4]
INFO: [Synth 8-638] synthesizing module 'blk_mem_gen_0' [D:/XLINIX Projects/GP/better group project/CSE320-Project-Files/teamproject/.Xil/Vivado-9516-DESKTOP-MSCBAO0/realtime/blk_mem_gen_0_stub.v:6]
INFO: [Synth 8-256] done synthesizing module 'blk_mem_gen_0' (10#1) [D:/XLINIX Projects/GP/better group project/CSE320-Project-Files/teamproject/.Xil/Vivado-9516-DESKTOP-MSCBAO0/realtime/blk_mem_gen_0_stub.v:6]
INFO: [Synth 8-638] synthesizing module 'twoinputmux' [D:/XLINIX Projects/GP/better group project/CSE320-Project-Files/source files/twoinputmux.sv:23]
INFO: [Synth 8-256] done synthesizing module 'twoinputmux' (11#1) [D:/XLINIX Projects/GP/better group project/CSE320-Project-Files/source files/twoinputmux.sv:23]
INFO: [Synth 8-256] done synthesizing module 'TopModule' (12#1) [D:/XLINIX Projects/GP/better group project/CSE320-Project-Files/source files/TopModule.sv:4]
---------------------------------------------------------------------------------
Finished RTL Elaboration : Time (s): cpu = 00:00:03 ; elapsed = 00:00:03 . Memory (MB): peak = 1378.695 ; gain = 22.797
---------------------------------------------------------------------------------

Report Check Netlist: 
+------+------------------+-------+---------+-------+------------------+
|      |Item              |Errors |Warnings |Status |Description       |
+------+------------------+-------+---------+-------+------------------+
|1     |multi_driven_nets |      0|        0|Passed |Multi driven nets |
+------+------------------+-------+---------+-------+------------------+
WARNING: [Synth 8-3295] tying undriven pin LEDS:clock to constant 0 [D:/XLINIX Projects/GP/better group project/CSE320-Project-Files/source files/TopModule.sv:71]
WARNING: [Synth 8-3295] tying undriven pin LEDS:reset to constant 0 [D:/XLINIX Projects/GP/better group project/CSE320-Project-Files/source files/TopModule.sv:71]
---------------------------------------------------------------------------------
Finished RTL Optimization Phase 1 : Time (s): cpu = 00:00:03 ; elapsed = 00:00:03 . Memory (MB): peak = 1378.695 ; gain = 22.797
---------------------------------------------------------------------------------
INFO: [Project 1-454] Reading design checkpoint 'd:/XLINIX Projects/GP/better group project/CSE320-Project-Files/teamproject/teamproject.srcs/sources_1/ip/blk_mem_gen_0_1/blk_mem_gen_0.dcp' for cell 'MEM1'
INFO: [Netlist 29-17] Analyzing 60 Unisim elements for replacement
INFO: [Netlist 29-28] Unisim Transformation completed in 0 CPU seconds
INFO: [Project 1-479] Netlist was created with Vivado 2017.2
INFO: [Project 1-570] Preparing netlist for logic optimization

Processing XDC Constraints
Initializing timing engine
Completed Processing XDC Constraints

INFO: [Opt 31-138] Pushed 0 inverter(s) to 0 load pin(s).
refresh_design: Time (s): cpu = 00:00:17 ; elapsed = 00:00:09 . Memory (MB): peak = 1426.270 ; gain = 70.371
update_compile_order -fileset sources_1
update_compile_order -fileset sources_1
refresh_design
---------------------------------------------------------------------------------
Starting RTL Elaboration : Time (s): cpu = 00:00:03 ; elapsed = 00:00:03 . Memory (MB): peak = 1426.270 ; gain = 0.000
---------------------------------------------------------------------------------
INFO: [Synth 8-638] synthesizing module 'TopModule' [D:/XLINIX Projects/GP/better group project/CSE320-Project-Files/source files/TopModule.sv:4]
INFO: [Synth 8-638] synthesizing module 'synchronizer' [D:/XLINIX Projects/GP/better group project/CSE320-Project-Files/source files/synchronizer.sv:23]
INFO: [Synth 8-256] done synthesizing module 'synchronizer' (1#1) [D:/XLINIX Projects/GP/better group project/CSE320-Project-Files/source files/synchronizer.sv:23]
INFO: [Synth 8-638] synthesizing module 'Controller' [D:/XLINIX Projects/GP/better group project/CSE320-Project-Files/source files/Controller.sv:5]
	Parameter s0 bound to: 5'b00001 
	Parameter s1 bound to: 5'b00010 
	Parameter s2 bound to: 5'b00100 
	Parameter s3 bound to: 5'b01000 
	Parameter s4 bound to: 5'b10000 
INFO: [Synth 8-155] case statement is not full and has no default [D:/XLINIX Projects/GP/better group project/CSE320-Project-Files/source files/Controller.sv:33]
INFO: [Synth 8-155] case statement is not full and has no default [D:/XLINIX Projects/GP/better group project/CSE320-Project-Files/source files/Controller.sv:52]
WARNING: [Synth 8-87] always_comb on 'nextstate_reg' did not result in combinational logic [D:/XLINIX Projects/GP/better group project/CSE320-Project-Files/source files/Controller.sv:31]
WARNING: [Synth 8-87] always_comb on 'timer_reg' did not result in combinational logic [D:/XLINIX Projects/GP/better group project/CSE320-Project-Files/source files/Controller.sv:55]
WARNING: [Synth 8-87] always_comb on 'memoryselect_clip_1_reg' did not result in combinational logic [D:/XLINIX Projects/GP/better group project/CSE320-Project-Files/source files/Controller.sv:56]
INFO: [Synth 8-256] done synthesizing module 'Controller' (2#1) [D:/XLINIX Projects/GP/better group project/CSE320-Project-Files/source files/Controller.sv:5]
INFO: [Synth 8-638] synthesizing module 'Segment_LED_Interface' [D:/XLINIX Projects/GP/better group project/CSE320-Project-Files/source files/Segment_LED_Interface.sv:5]
WARNING: [Synth 8-87] always_comb on 'cathode_reg' did not result in combinational logic [D:/XLINIX Projects/GP/better group project/CSE320-Project-Files/source files/Segment_LED_Interface.sv:22]
INFO: [Synth 8-256] done synthesizing module 'Segment_LED_Interface' (3#1) [D:/XLINIX Projects/GP/better group project/CSE320-Project-Files/source files/Segment_LED_Interface.sv:5]
WARNING: [Synth 8-350] instance 'LEDS' of module 'Segment_LED_Interface' requires 7 connections, but only 6 given [D:/XLINIX Projects/GP/better group project/CSE320-Project-Files/source files/TopModule.sv:71]
INFO: [Synth 8-638] synthesizing module 'timer' [D:/XLINIX Projects/GP/better group project/CSE320-Project-Files/source files/Timer.sv:4]
INFO: [Synth 8-256] done synthesizing module 'timer' (4#1) [D:/XLINIX Projects/GP/better group project/CSE320-Project-Files/source files/Timer.sv:4]
INFO: [Synth 8-638] synthesizing module 'scaledclock' [D:/XLINIX Projects/GP/better group project/CSE320-Project-Files/source files/scaledclock.sv:23]
INFO: [Synth 8-256] done synthesizing module 'scaledclock' (5#1) [D:/XLINIX Projects/GP/better group project/CSE320-Project-Files/source files/scaledclock.sv:23]
INFO: [Synth 8-638] synthesizing module 'Deserializer' [D:/XLINIX Projects/GP/better group project/CSE320-Project-Files/source files/Deserializer.sv:6]
INFO: [Synth 8-256] done synthesizing module 'Deserializer' (6#1) [D:/XLINIX Projects/GP/better group project/CSE320-Project-Files/source files/Deserializer.sv:6]
INFO: [Synth 8-638] synthesizing module 'Serializer' [D:/XLINIX Projects/GP/better group project/CSE320-Project-Files/source files/Serializer.sv:6]
INFO: [Synth 8-256] done synthesizing module 'Serializer' (7#1) [D:/XLINIX Projects/GP/better group project/CSE320-Project-Files/source files/Serializer.sv:6]
INFO: [Synth 8-638] synthesizing module 'Address_creator' [D:/XLINIX Projects/GP/better group project/CSE320-Project-Files/source files/Address_Creator.sv:5]
INFO: [Synth 8-256] done synthesizing module 'Address_creator' (8#1) [D:/XLINIX Projects/GP/better group project/CSE320-Project-Files/source files/Address_Creator.sv:5]
INFO: [Synth 8-638] synthesizing module 'MemInterpreter' [D:/XLINIX Projects/GP/better group project/CSE320-Project-Files/source files/MemInterpreter.sv:4]
WARNING: [Synth 8-87] always_comb on 'block2ena_reg' did not result in combinational logic [D:/XLINIX Projects/GP/better group project/CSE320-Project-Files/source files/MemInterpreter.sv:26]
INFO: [Synth 8-256] done synthesizing module 'MemInterpreter' (9#1) [D:/XLINIX Projects/GP/better group project/CSE320-Project-Files/source files/MemInterpreter.sv:4]
INFO: [Synth 8-638] synthesizing module 'blk_mem_gen_0' [D:/XLINIX Projects/GP/better group project/CSE320-Project-Files/teamproject/.Xil/Vivado-9516-DESKTOP-MSCBAO0/realtime/blk_mem_gen_0_stub.v:6]
INFO: [Synth 8-256] done synthesizing module 'blk_mem_gen_0' (10#1) [D:/XLINIX Projects/GP/better group project/CSE320-Project-Files/teamproject/.Xil/Vivado-9516-DESKTOP-MSCBAO0/realtime/blk_mem_gen_0_stub.v:6]
INFO: [Synth 8-638] synthesizing module 'twoinputmux' [D:/XLINIX Projects/GP/better group project/CSE320-Project-Files/source files/twoinputmux.sv:23]
INFO: [Synth 8-256] done synthesizing module 'twoinputmux' (11#1) [D:/XLINIX Projects/GP/better group project/CSE320-Project-Files/source files/twoinputmux.sv:23]
INFO: [Synth 8-256] done synthesizing module 'TopModule' (12#1) [D:/XLINIX Projects/GP/better group project/CSE320-Project-Files/source files/TopModule.sv:4]
---------------------------------------------------------------------------------
Finished RTL Elaboration : Time (s): cpu = 00:00:04 ; elapsed = 00:00:04 . Memory (MB): peak = 1426.270 ; gain = 0.000
---------------------------------------------------------------------------------

Report Check Netlist: 
+------+------------------+-------+---------+-------+------------------+
|      |Item              |Errors |Warnings |Status |Description       |
+------+------------------+-------+---------+-------+------------------+
|1     |multi_driven_nets |      0|        0|Passed |Multi driven nets |
+------+------------------+-------+---------+-------+------------------+
WARNING: [Synth 8-3295] tying undriven pin LEDS:clock to constant 0 [D:/XLINIX Projects/GP/better group project/CSE320-Project-Files/source files/TopModule.sv:71]
---------------------------------------------------------------------------------
Finished RTL Optimization Phase 1 : Time (s): cpu = 00:00:04 ; elapsed = 00:00:04 . Memory (MB): peak = 1426.270 ; gain = 0.000
---------------------------------------------------------------------------------
INFO: [Project 1-454] Reading design checkpoint 'd:/XLINIX Projects/GP/better group project/CSE320-Project-Files/teamproject/teamproject.srcs/sources_1/ip/blk_mem_gen_0_1/blk_mem_gen_0.dcp' for cell 'MEM1'
INFO: [Netlist 29-17] Analyzing 60 Unisim elements for replacement
INFO: [Netlist 29-28] Unisim Transformation completed in 0 CPU seconds
INFO: [Project 1-479] Netlist was created with Vivado 2017.2
INFO: [Project 1-570] Preparing netlist for logic optimization

Processing XDC Constraints
Initializing timing engine
Completed Processing XDC Constraints

INFO: [Opt 31-138] Pushed 0 inverter(s) to 0 load pin(s).
refresh_design: Time (s): cpu = 00:00:15 ; elapsed = 00:00:10 . Memory (MB): peak = 1442.520 ; gain = 16.250
close_sim
INFO: [Simtcl 6-16] Simulation closed
exit
INFO: [Common 17-206] Exiting Vivado at Fri Dec  1 15:46:13 2017...
