Unable to capture context for thread 17268 in process 14008, can not generate back trace
Unable to capture context for thread 17312 in process 14008, can not generate back trace
Exception at PC 0x00007FFD8202BB93
Printing stacktrace...

[0]  [0x00007FFD8202BB93]
[1]  [0x00007FFD8202BB93]
[2]  [0x00007FFD8202B4A1]
[3]  [0x00007FFD8202B3EF]
[4]  [0x00007FFD820119FE]
[5]  [0x00007FFD82010ED1]
[6]  [0x00007FFD82010D76]
[7]  [0x00007FFD81FB79F6]
[8]  [0x00007FFD81FA7AFB]
[9]  [0x00007FFD820CE90A]
[10]  [0x00007FFD820E9F87]
[11]  [0x00007FFD820EA05F]
[12] (BaseThreadInitThunk+0x14) [0x00007FFDF7C42774]
[13] (RtlUserThreadStart+0x21) [0x00007FFDF7D70D51]
Done
Exception at PC 0x00007FFD81D31A52
Attemped to write at address 0x00007FFDC4E4ABA4
Printing stacktrace...

[0]  [0x00007FFD81D31A52]
[1]  [0x00007FFD81D31A52]
[2]  [0x00007FFD81D31AD4]
[3]  [0x00007FFD81E73FF7]
[4]  [0x00007FFD81D59128]
[5]  [0x00007FFD8200DFB9]
[6]  [0x00007FFD821DEF23]
[7]  [0x00007FFD820EB06B]
[8]  [0x00007FFD820E08AF]
[9]  [0x00007FFD820E0A32]
[10] (RtlDeactivateActivationContextUnsafeFast+0x1af) [0x00007FFDF7D2485F]
[11] (LdrShutdownProcess+0x12c) [0x00007FFDF7D4D43C]
[12] (RtlExitUserProcess+0xb4) [0x00007FFDF7D4D2F4]
[13] (FatalExit+0xa) [0x00007FFDF7C4C0DA]
[14] (exit+0x75) [0x00007FFDF726A045]
[15] (initterm_e+0x21d) [0x00007FFDF726A68D]
[16]  [0x00000000004014CD]
[17]  [0x000000000040151B]
[18] (BaseThreadInitThunk+0x14) [0x00007FFDF7C42774]
[19] (RtlUserThreadStart+0x21) [0x00007FFDF7D70D51]
Done
