Unable to capture context for thread 9440 in process 9552, can not generate back trace
Unable to capture context for thread 17380 in process 9552, can not generate back trace
Exception at PC 0x00007FFDC07CBB93
Printing stacktrace...

[0]  [0x00007FFDC07CBB93]
[1]  [0x00007FFDC07CBB93]
[2]  [0x00007FFDC07CB4A1]
[3]  [0x00007FFDC07CB3EF]
[4]  [0x00007FFDC07B19FE]
[5]  [0x00007FFDC07B0ED1]
[6]  [0x00007FFDC07B0D76]
[7]  [0x00007FFDC07579F6]
[8]  [0x00007FFDC0747AFB]
[9]  [0x00007FFDC086E90A]
[10]  [0x00007FFDC0889F87]
[11]  [0x00007FFDC088A05F]
[12] (BaseThreadInitThunk+0x14) [0x00007FFDF7C42774]
[13] (RtlUserThreadStart+0x21) [0x00007FFDF7D70D51]
Done
Exception at PC 0x00007FFDC04D1A52
Attemped to write at address 0x00007FFDC438ABA4
Printing stacktrace...

[0]  [0x00007FFDC04D1A52]
[1]  [0x00007FFDC04D1A52]
[2]  [0x00007FFDC04D1AD4]
[3]  [0x00007FFDC0613FF7]
[4]  [0x00007FFDC04F9128]
[5]  [0x00007FFDC07ADFB9]
[6]  [0x00007FFDC097EF23]
[7]  [0x00007FFDC088B06B]
[8]  [0x00007FFDC08808AF]
[9]  [0x00007FFDC0880A32]
[10] (RtlDeactivateActivationContextUnsafeFast+0x1af) [0x00007FFDF7D2485F]
[11] (LdrShutdownProcess+0x12c) [0x00007FFDF7D4D43C]
[12] (RtlExitUserProcess+0xb4) [0x00007FFDF7D4D2F4]
[13] (FatalExit+0xa) [0x00007FFDF7C4C0DA]
[14] (exit+0x75) [0x00007FFDF726A045]
[15] (initterm_e+0x21d) [0x00007FFDF726A68D]
[16]  [0x00000000004014CD]
[17]  [0x000000000040151B]
[18] (BaseThreadInitThunk+0x14) [0x00007FFDF7C42774]
[19] (RtlUserThreadStart+0x21) [0x00007FFDF7D70D51]
Done
